This is pdfTeX, Version 3.141592653-2.6-1.40.25 (MiKTeX 24.1) (preloaded format=pdflatex 2025.12.2)  2 DEC 2025 22:33
entering extended mode
 restricted \write18 enabled.
 file:line:error style messages enabled.
 %&-line parsing enabled.
**./main.tex
(main.tex
LaTeX2e <2023-11-01> patch level 1
L3 programming layer <2024-01-04>
(C:\Users\LiuKuncheng\AppData\Roaming\MiKTeX\tex/latex/ctex\ctexbeamer.cls (C:\Users\LiuKuncheng\AppData\Roaming\MiKTeX\tex/latex/ctex/config\ctexbackend.cfg
File: ctexbackend.cfg 2022/07/14 v2.5.10 Backend configuration file (CTEX)
) (C:\Program Files\MiKTeX\tex/latex/l3kernel\expl3.sty
Package: expl3 2024-01-04 L3 programming layer (loader) 
 (C:\Program Files\MiKTeX\tex/latex/l3backend\l3backend-pdftex.def
File: l3backend-pdftex.def 2024-01-04 L3 backend support: PDF output (pdfTeX)
\l__color_backend_stack_int=\count187
\l__pdf_internal_box=\box51
))
Document Class: ctexbeamer 2022/07/14 v2.5.10 Chinese adapter for class beamer (CTEX)
(C:\Users\LiuKuncheng\AppData\Roaming\MiKTeX\tex/latex/ctex\ctexhook.sty
Package: ctexhook 2022/07/14 v2.5.10 Document and package hooks (CTEX)
) (C:\Users\LiuKuncheng\AppData\Roaming\MiKTeX\tex/latex/ctex\ctexpatch.sty
Package: ctexpatch 2022/07/14 v2.5.10 Patching commands (CTEX)
) (C:\Program Files\MiKTeX\tex/latex/base\fix-cm.sty
Package: fix-cm 2020/11/24 v1.1t fixes to LaTeX
 (C:\Program Files\MiKTeX\tex/latex/base\ts1enc.def
File: ts1enc.def 2001/06/05 v3.0e (jk/car/fm) Standard LaTeX file
LaTeX Font Info:    Redeclaring font encoding TS1 on input line 47.
))
\l__ctex_tmp_int=\count188
\l__ctex_tmp_box=\box52
\l__ctex_tmp_dim=\dimen140
\g__ctex_font_size_int=\count189
 (C:\Users\LiuKuncheng\AppData\Roaming\MiKTeX\tex/latex/ctex/config\ctexopts.cfg
File: ctexopts.cfg 2022/07/14 v2.5.10 Option configuration file (CTEX)
)

Class ctexbeamer Warning: UTF8 will be used as the default encoding.

(C:\Users\LiuKuncheng\AppData\Roaming\MiKTeX\tex/latex/beamer\beamer.cls
Document Class: beamer 2025/08/13 v3.76 A class for typesetting presentations
(C:\Users\LiuKuncheng\AppData\Roaming\MiKTeX\tex/latex/beamer\beamerbasemodes.sty (C:\Program Files\MiKTeX\tex/latex/etoolbox\etoolbox.sty
Package: etoolbox 2020/10/05 v2.5k e-TeX tools for LaTeX (JAW)
\etb@tempcnta=\count190
)
\beamer@tempbox=\box53
\beamer@tempcount=\count191
\c@beamerpauses=\count192
 (C:\Users\LiuKuncheng\AppData\Roaming\MiKTeX\tex/latex/beamer\beamerbasedecode.sty
\beamer@slideinframe=\count193
\beamer@minimum=\count194
\beamer@decode@box=\box54
)
\beamer@commentbox=\box55
\beamer@modecount=\count195
) (C:\Program Files\MiKTeX\tex/generic/iftex\iftex.sty
Package: iftex 2022/02/03 v1.0f TeX engine tests
)
\headdp=\dimen141
\footheight=\dimen142
\sidebarheight=\dimen143
\beamer@tempdim=\dimen144
\beamer@finalheight=\dimen145
\beamer@animht=\dimen146
\beamer@animdp=\dimen147
\beamer@animwd=\dimen148
\beamer@leftmargin=\dimen149
\beamer@rightmargin=\dimen150
\beamer@leftsidebar=\dimen151
\beamer@rightsidebar=\dimen152
\beamer@boxsize=\dimen153
\beamer@vboxoffset=\dimen154
\beamer@descdefault=\dimen155
\beamer@descriptionwidth=\dimen156
\beamer@lastskip=\skip48
\beamer@areabox=\box56
\beamer@animcurrent=\box57
\beamer@animshowbox=\box58
\beamer@sectionbox=\box59
\beamer@logobox=\box60
\beamer@linebox=\box61
\beamer@sectioncount=\count196
\beamer@subsubsectionmax=\count197
\beamer@subsectionmax=\count198
\beamer@sectionmax=\count199
\beamer@totalheads=\count266
\beamer@headcounter=\count267
\beamer@partstartpage=\count268
\beamer@sectionstartpage=\count269
\beamer@subsectionstartpage=\count270
\beamer@animationtempa=\count271
\beamer@animationtempb=\count272
\beamer@xpos=\count273
\beamer@ypos=\count274
\beamer@ypos@offset=\count275
\beamer@showpartnumber=\count276
\beamer@currentsubsection=\count277
\beamer@coveringdepth=\count278
\beamer@sectionadjust=\count279
\beamer@toclastsection=\count280
\beamer@tocsectionnumber=\count281
 (C:\Users\LiuKuncheng\AppData\Roaming\MiKTeX\tex/latex/beamer\beamerbaseoptions.sty (C:\Program Files\MiKTeX\tex/latex/graphics\keyval.sty
Package: keyval 2022/05/29 v1.15 key=value parser (DPC)
\KV@toks@=\toks17
))
\beamer@paperwidth=\skip49
\beamer@paperheight=\skip50
 (C:\Users\LiuKuncheng\AppData\Roaming\MiKTeX\tex/latex/geometry\geometry.sty
Package: geometry 2020/01/02 v5.9 Page Geometry
 (C:\Program Files\MiKTeX\tex/generic/iftex\ifvtex.sty
Package: ifvtex 2019/10/25 v1.7 ifvtex legacy package. Use iftex instead.
)
\Gm@cnth=\count282
\Gm@cntv=\count283
\c@Gm@tempcnt=\count284
\Gm@bindingoffset=\dimen157
\Gm@wd@mp=\dimen158
\Gm@odd@mp=\dimen159
\Gm@even@mp=\dimen160
\Gm@layoutwidth=\dimen161
\Gm@layoutheight=\dimen162
\Gm@layouthoffset=\dimen163
\Gm@layoutvoffset=\dimen164
\Gm@dimlist=\toks18
 (C:\Users\LiuKuncheng\AppData\Roaming\MiKTeX\tex/latex/geometry\geometry.cfg)) (C:\Program Files\MiKTeX\tex/latex/pgf/math\pgfmath.sty (C:\Program Files\MiKTeX\tex/latex/pgf/utilities\pgfrcs.sty (C:\Program Files\MiKTeX\tex/generic/pgf/utilities\pgfutil-common.tex
\pgfutil@everybye=\toks19
\pgfutil@tempdima=\dimen165
\pgfutil@tempdimb=\dimen166
) (C:\Program Files\MiKTeX\tex/generic/pgf/utilities\pgfutil-latex.def
\pgfutil@abb=\box62
) (C:\Program Files\MiKTeX\tex/generic/pgf/utilities\pgfrcs.code.tex (C:\Program Files\MiKTeX\tex/generic/pgf\pgf.revision.tex)
Package: pgfrcs 2023-01-15 v3.1.10 (3.1.10)
)) (C:\Program Files\MiKTeX\tex/latex/pgf/utilities\pgfkeys.sty (C:\Program Files\MiKTeX\tex/generic/pgf/utilities\pgfkeys.code.tex
\pgfkeys@pathtoks=\toks20
\pgfkeys@temptoks=\toks21
 (C:\Program Files\MiKTeX\tex/generic/pgf/utilities\pgfkeyslibraryfiltered.code.tex
\pgfkeys@tmptoks=\toks22
))) (C:\Program Files\MiKTeX\tex/generic/pgf/math\pgfmath.code.tex (C:\Program Files\MiKTeX\tex/generic/pgf/math\pgfmathutil.code.tex
\pgf@x=\dimen167
\pgf@xa=\dimen168
\pgf@xb=\dimen169
\pgf@xc=\dimen170
\pgf@y=\dimen171
\pgf@ya=\dimen172
\pgf@yb=\dimen173
\pgf@yc=\dimen174
\c@pgf@counta=\count285
\c@pgf@countb=\count286
\c@pgf@countc=\count287
\c@pgf@countd=\count288
) (C:\Program Files\MiKTeX\tex/generic/pgf/math\pgfmathparser.code.tex
\pgfmath@dimen=\dimen175
\pgfmath@count=\count289
\pgfmath@box=\box63
\pgfmath@toks=\toks23
\pgfmath@stack@operand=\toks24
\pgfmath@stack@operation=\toks25
) (C:\Program Files\MiKTeX\tex/generic/pgf/math\pgfmathfunctions.code.tex) (C:\Program Files\MiKTeX\tex/generic/pgf/math\pgfmathfunctions.basic.code.tex) (C:\Program Files\MiKTeX\tex/generic/pgf/math\pgfmathfunctions.trigonometric.code.tex) (C:\Program Files\MiKTeX\tex/generic/pgf/math\pgfmathfunctions.random.code.tex) (C:\Program Files\MiKTeX\tex/generic/pgf/math\pgfmathfunctions.comparison.code.tex) (C:\Program Files\MiKTeX\tex/generic/pgf/math\pgfmathfunctions.base.code.tex) (C:\Program Files\MiKTeX\tex/generic/pgf/math\pgfmathfunctions.round.code.tex) (C:\Program Files\MiKTeX\tex/generic/pgf/math\pgfmathfunctions.misc.code.tex) (C:\Program Files\MiKTeX\tex/generic/pgf/math\pgfmathfunctions.integerarithmetics.code.tex) (C:\Program Files\MiKTeX\tex/generic/pgf/math\pgfmathcalc.code.tex) (C:\Program Files\MiKTeX\tex/generic/pgf/math\pgfmathfloat.code.tex
\c@pgfmathroundto@lastzeros=\count290
))) (C:\Program Files\MiKTeX\tex/latex/base\size11.clo
File: size11.clo 2023/05/17 v1.4n Standard LaTeX file (size option)
) (C:\Program Files\MiKTeX\tex/latex/pgf/basiclayer\pgfcore.sty (C:\Program Files\MiKTeX\tex/latex/graphics\graphicx.sty
Package: graphicx 2021/09/16 v1.2d Enhanced LaTeX Graphics (DPC,SPQR)
 (C:\Program Files\MiKTeX\tex/latex/graphics\graphics.sty
Package: graphics 2022/03/10 v1.4e Standard LaTeX Graphics (DPC,SPQR)
 (C:\Program Files\MiKTeX\tex/latex/graphics\trig.sty
Package: trig 2021/08/11 v1.11 sin cos tan (DPC)
) (C:\Program Files\MiKTeX\tex/latex/graphics-cfg\graphics.cfg
File: graphics.cfg 2016/06/04 v1.11 sample graphics configuration
)
Package graphics Info: Driver file: pdftex.def on input line 107.
 (C:\Program Files\MiKTeX\tex/latex/graphics-def\pdftex.def
File: pdftex.def 2022/09/22 v1.2b Graphics/color driver for pdftex
))
\Gin@req@height=\dimen176
\Gin@req@width=\dimen177
) (C:\Program Files\MiKTeX\tex/latex/pgf/systemlayer\pgfsys.sty (C:\Program Files\MiKTeX\tex/generic/pgf/systemlayer\pgfsys.code.tex
Package: pgfsys 2023-01-15 v3.1.10 (3.1.10)
\pgf@x=\dimen178
\pgf@y=\dimen179
\pgf@xa=\dimen180
\pgf@ya=\dimen181
\pgf@xb=\dimen182
\pgf@yb=\dimen183
\pgf@xc=\dimen184
\pgf@yc=\dimen185
\pgf@xd=\dimen186
\pgf@yd=\dimen187
\w@pgf@writea=\write3
\r@pgf@reada=\read2
\c@pgf@counta=\count291
\c@pgf@countb=\count292
\c@pgf@countc=\count293
\c@pgf@countd=\count294
\t@pgf@toka=\toks26
\t@pgf@tokb=\toks27
\t@pgf@tokc=\toks28
\pgf@sys@id@count=\count295
 (C:\Program Files\MiKTeX\tex/generic/pgf/systemlayer\pgf.cfg
File: pgf.cfg 2023-01-15 v3.1.10 (3.1.10)
)
Driver file for pgf: pgfsys-pdftex.def
 (C:\Program Files\MiKTeX\tex/generic/pgf/systemlayer\pgfsys-pdftex.def
File: pgfsys-pdftex.def 2023-01-15 v3.1.10 (3.1.10)
 (C:\Program Files\MiKTeX\tex/generic/pgf/systemlayer\pgfsys-common-pdf.def
File: pgfsys-common-pdf.def 2023-01-15 v3.1.10 (3.1.10)
))) (C:\Program Files\MiKTeX\tex/generic/pgf/systemlayer\pgfsyssoftpath.code.tex
File: pgfsyssoftpath.code.tex 2023-01-15 v3.1.10 (3.1.10)
\pgfsyssoftpath@smallbuffer@items=\count296
\pgfsyssoftpath@bigbuffer@items=\count297
) (C:\Program Files\MiKTeX\tex/generic/pgf/systemlayer\pgfsysprotocol.code.tex
File: pgfsysprotocol.code.tex 2023-01-15 v3.1.10 (3.1.10)
)) (C:\Program Files\MiKTeX\tex/latex/xcolor\xcolor.sty
Package: xcolor 2023/11/15 v3.01 LaTeX color extensions (UK)
 (C:\Program Files\MiKTeX\tex/latex/graphics-cfg\color.cfg
File: color.cfg 2016/01/02 v1.6 sample color configuration
)
Package xcolor Info: Driver file: pdftex.def on input line 274.
 (C:\Program Files\MiKTeX\tex/latex/graphics\mathcolor.ltx)
Package xcolor Info: Model `cmy' substituted by `cmy0' on input line 1350.
Package xcolor Info: Model `hsb' substituted by `rgb' on input line 1354.
Package xcolor Info: Model `RGB' extended on input line 1366.
Package xcolor Info: Model `HTML' substituted by `rgb' on input line 1368.
Package xcolor Info: Model `Hsb' substituted by `hsb' on input line 1369.
Package xcolor Info: Model `tHsb' substituted by `hsb' on input line 1370.
Package xcolor Info: Model `HSB' substituted by `hsb' on input line 1371.
Package xcolor Info: Model `Gray' substituted by `gray' on input line 1372.
Package xcolor Info: Model `wave' substituted by `hsb' on input line 1373.
) (C:\Program Files\MiKTeX\tex/generic/pgf/basiclayer\pgfcore.code.tex
Package: pgfcore 2023-01-15 v3.1.10 (3.1.10)
 (C:\Program Files\MiKTeX\tex/generic/pgf/math\pgfint.code.tex) (C:\Program Files\MiKTeX\tex/generic/pgf/basiclayer\pgfcorepoints.code.tex
File: pgfcorepoints.code.tex 2023-01-15 v3.1.10 (3.1.10)
\pgf@picminx=\dimen188
\pgf@picmaxx=\dimen189
\pgf@picminy=\dimen190
\pgf@picmaxy=\dimen191
\pgf@pathminx=\dimen192
\pgf@pathmaxx=\dimen193
\pgf@pathminy=\dimen194
\pgf@pathmaxy=\dimen195
\pgf@xx=\dimen196
\pgf@xy=\dimen197
\pgf@yx=\dimen198
\pgf@yy=\dimen199
\pgf@zx=\dimen256
\pgf@zy=\dimen257
) (C:\Program Files\MiKTeX\tex/generic/pgf/basiclayer\pgfcorepathconstruct.code.tex
File: pgfcorepathconstruct.code.tex 2023-01-15 v3.1.10 (3.1.10)
\pgf@path@lastx=\dimen258
\pgf@path@lasty=\dimen259
) (C:\Program Files\MiKTeX\tex/generic/pgf/basiclayer\pgfcorepathusage.code.tex
File: pgfcorepathusage.code.tex 2023-01-15 v3.1.10 (3.1.10)
\pgf@shorten@end@additional=\dimen260
\pgf@shorten@start@additional=\dimen261
) (C:\Program Files\MiKTeX\tex/generic/pgf/basiclayer\pgfcorescopes.code.tex
File: pgfcorescopes.code.tex 2023-01-15 v3.1.10 (3.1.10)
\pgfpic=\box64
\pgf@hbox=\box65
\pgf@layerbox@main=\box66
\pgf@picture@serial@count=\count298
) (C:\Program Files\MiKTeX\tex/generic/pgf/basiclayer\pgfcoregraphicstate.code.tex
File: pgfcoregraphicstate.code.tex 2023-01-15 v3.1.10 (3.1.10)
\pgflinewidth=\dimen262
) (C:\Program Files\MiKTeX\tex/generic/pgf/basiclayer\pgfcoretransformations.code.tex
File: pgfcoretransformations.code.tex 2023-01-15 v3.1.10 (3.1.10)
\pgf@pt@x=\dimen263
\pgf@pt@y=\dimen264
\pgf@pt@temp=\dimen265
) (C:\Program Files\MiKTeX\tex/generic/pgf/basiclayer\pgfcorequick.code.tex
File: pgfcorequick.code.tex 2023-01-15 v3.1.10 (3.1.10)
) (C:\Program Files\MiKTeX\tex/generic/pgf/basiclayer\pgfcoreobjects.code.tex
File: pgfcoreobjects.code.tex 2023-01-15 v3.1.10 (3.1.10)
) (C:\Program Files\MiKTeX\tex/generic/pgf/basiclayer\pgfcorepathprocessing.code.tex
File: pgfcorepathprocessing.code.tex 2023-01-15 v3.1.10 (3.1.10)
) (C:\Program Files\MiKTeX\tex/generic/pgf/basiclayer\pgfcorearrows.code.tex
File: pgfcorearrows.code.tex 2023-01-15 v3.1.10 (3.1.10)
\pgfarrowsep=\dimen266
) (C:\Program Files\MiKTeX\tex/generic/pgf/basiclayer\pgfcoreshade.code.tex
File: pgfcoreshade.code.tex 2023-01-15 v3.1.10 (3.1.10)
\pgf@max=\dimen267
\pgf@sys@shading@range@num=\count299
\pgf@shadingcount=\count300
) (C:\Program Files\MiKTeX\tex/generic/pgf/basiclayer\pgfcoreimage.code.tex
File: pgfcoreimage.code.tex 2023-01-15 v3.1.10 (3.1.10)
) (C:\Program Files\MiKTeX\tex/generic/pgf/basiclayer\pgfcoreexternal.code.tex
File: pgfcoreexternal.code.tex 2023-01-15 v3.1.10 (3.1.10)
\pgfexternal@startupbox=\box67
) (C:\Program Files\MiKTeX\tex/generic/pgf/basiclayer\pgfcorelayers.code.tex
File: pgfcorelayers.code.tex 2023-01-15 v3.1.10 (3.1.10)
) (C:\Program Files\MiKTeX\tex/generic/pgf/basiclayer\pgfcoretransparency.code.tex
File: pgfcoretransparency.code.tex 2023-01-15 v3.1.10 (3.1.10)
) (C:\Program Files\MiKTeX\tex/generic/pgf/basiclayer\pgfcorepatterns.code.tex
File: pgfcorepatterns.code.tex 2023-01-15 v3.1.10 (3.1.10)
) (C:\Program Files\MiKTeX\tex/generic/pgf/basiclayer\pgfcorerdf.code.tex
File: pgfcorerdf.code.tex 2023-01-15 v3.1.10 (3.1.10)
))) (C:\Program Files\MiKTeX\tex/latex/pgf/utilities\xxcolor.sty
Package: xxcolor 2003/10/24 ver 0.1
\XC@nummixins=\count301
\XC@countmixins=\count302
) (C:\Program Files\MiKTeX\tex/latex/base\atbegshi-ltx.sty
Package: atbegshi-ltx 2021/01/10 v1.0c Emulation of the original atbegshi
package with kernel methods
) (C:\Program Files\MiKTeX\tex/latex/hyperref\hyperref.sty
Package: hyperref 2023-11-26 v7.01g Hypertext links for LaTeX
 (C:\Users\LiuKuncheng\AppData\Roaming\MiKTeX\tex/generic/infwarerr\infwarerr.sty
Package: infwarerr 2019/12/03 v1.5 Providing info/warning/error messages (HO)
) (C:\Users\LiuKuncheng\AppData\Roaming\MiKTeX\tex/latex/kvsetkeys\kvsetkeys.sty
Package: kvsetkeys 2022-10-05 v1.19 Key value parser (HO)
) (C:\Users\LiuKuncheng\AppData\Roaming\MiKTeX\tex/generic/kvdefinekeys\kvdefinekeys.sty
Package: kvdefinekeys 2019-12-19 v1.6 Define keys (HO)
) (C:\Users\LiuKuncheng\AppData\Roaming\MiKTeX\tex/generic/pdfescape\pdfescape.sty
Package: pdfescape 2019/12/09 v1.15 Implements pdfTeX's escape features (HO)
 (C:\Users\LiuKuncheng\AppData\Roaming\MiKTeX\tex/generic/ltxcmds\ltxcmds.sty
Package: ltxcmds 2023-12-04 v1.26 LaTeX kernel commands for general use (HO)
) (C:\Program Files\MiKTeX\tex/generic/pdftexcmds\pdftexcmds.sty
Package: pdftexcmds 2020-06-27 v0.33 Utility functions of pdfTeX for LuaTeX (HO)
Package pdftexcmds Info: \pdf@primitive is available.
Package pdftexcmds Info: \pdf@ifprimitive is available.
Package pdftexcmds Info: \pdfdraftmode found.
)) (C:\Users\LiuKuncheng\AppData\Roaming\MiKTeX\tex/latex/hycolor\hycolor.sty
Package: hycolor 2020-01-27 v1.10 Color options for hyperref/bookmark (HO)
) (C:\Users\LiuKuncheng\AppData\Roaming\MiKTeX\tex/latex/letltxmacro\letltxmacro.sty
Package: letltxmacro 2019/12/03 v1.6 Let assignment for LaTeX macros (HO)
) (C:\Users\LiuKuncheng\AppData\Roaming\MiKTeX\tex/latex/auxhook\auxhook.sty
Package: auxhook 2019-12-17 v1.6 Hooks for auxiliary files (HO)
) (C:\Program Files\MiKTeX\tex/latex/hyperref\nameref.sty
Package: nameref 2023-11-26 v2.56 Cross-referencing by name of section
 (C:\Users\LiuKuncheng\AppData\Roaming\MiKTeX\tex/latex/refcount\refcount.sty
Package: refcount 2019/12/15 v3.6 Data extraction from label references (HO)
) (C:\Users\LiuKuncheng\AppData\Roaming\MiKTeX\tex/generic/gettitlestring\gettitlestring.sty
Package: gettitlestring 2019/12/15 v1.6 Cleanup title references (HO)
 (C:\Users\LiuKuncheng\AppData\Roaming\MiKTeX\tex/latex/kvoptions\kvoptions.sty
Package: kvoptions 2022-06-15 v3.15 Key value format for package options (HO)
))
\c@section@level=\count303
)
\@linkdim=\dimen268
\Hy@linkcounter=\count304
\Hy@pagecounter=\count305
 (C:\Program Files\MiKTeX\tex/latex/hyperref\pd1enc.def
File: pd1enc.def 2023-11-26 v7.01g Hyperref: PDFDocEncoding definition (HO)
Now handling font encoding PD1 ...
... no UTF-8 mapping file for font encoding PD1
) (C:\Users\LiuKuncheng\AppData\Roaming\MiKTeX\tex/generic/intcalc\intcalc.sty
Package: intcalc 2019/12/15 v1.3 Expandable calculations with integers (HO)
)
\Hy@SavedSpaceFactor=\count306
 (C:\Program Files\MiKTeX\tex/latex/hyperref\puenc.def
File: puenc.def 2023-11-26 v7.01g Hyperref: PDF Unicode definition (HO)
Now handling font encoding PU ...
... no UTF-8 mapping file for font encoding PU
)
Package hyperref Info: Option `bookmarks' set `true' on input line 4064.
Package hyperref Info: Option `bookmarksopen' set `true' on input line 4064.
Package hyperref Info: Option `implicit' set `false' on input line 4064.
Package hyperref Info: Hyper figures OFF on input line 4181.
Package hyperref Info: Link nesting OFF on input line 4186.
Package hyperref Info: Hyper index ON on input line 4189.
Package hyperref Info: Plain pages OFF on input line 4196.
Package hyperref Info: Backreferencing OFF on input line 4201.
Package hyperref Info: Implicit mode OFF; no redefinition of LaTeX internals.
Package hyperref Info: Bookmarks ON on input line 4448.
\c@Hy@tempcnt=\count307
 (C:\Program Files\MiKTeX\tex/latex/url\url.sty
\Urlmuskip=\muskip16
Package: url 2013/09/16  ver 3.4  Verb mode for urls, etc.
)
LaTeX Info: Redefining \url on input line 4786.
\XeTeXLinkMargin=\dimen269
 (C:\Users\LiuKuncheng\AppData\Roaming\MiKTeX\tex/generic/bitset\bitset.sty
Package: bitset 2019/12/09 v1.3 Handle bit-vector datatype (HO)
 (C:\Users\LiuKuncheng\AppData\Roaming\MiKTeX\tex/generic/bigintcalc\bigintcalc.sty
Package: bigintcalc 2019/12/15 v1.5 Expandable calculations on big integers (HO)
))
\Fld@menulength=\count308
\Field@Width=\dimen270
\Fld@charsize=\dimen271
Package hyperref Info: Hyper figures OFF on input line 6065.
Package hyperref Info: Link nesting OFF on input line 6070.
Package hyperref Info: Hyper index ON on input line 6073.
Package hyperref Info: backreferencing OFF on input line 6080.
Package hyperref Info: Link coloring OFF on input line 6085.
Package hyperref Info: Link coloring with OCG OFF on input line 6090.
Package hyperref Info: PDF/A mode OFF on input line 6095.
\Hy@abspage=\count309


Package hyperref Message: Stopped early.

)
Package hyperref Info: Driver (autodetected): hpdftex.
 (C:\Program Files\MiKTeX\tex/latex/hyperref\hpdftex.def
File: hpdftex.def 2023-11-26 v7.01g Hyperref driver for pdfTeX
 (C:\Program Files\MiKTeX\tex/latex/base\atveryend-ltx.sty
Package: atveryend-ltx 2020/08/19 v1.0a Emulation of the original atveryend package
with kernel methods
)
\Fld@listcount=\count310
\c@bookmark@seq@number=\count311
 (C:\Users\LiuKuncheng\AppData\Roaming\MiKTeX\tex/latex/rerunfilecheck\rerunfilecheck.sty
Package: rerunfilecheck 2025-06-21 v1.11 Rerun checks for auxiliary files (HO)
 (C:\Users\LiuKuncheng\AppData\Roaming\MiKTeX\tex/generic/uniquecounter\uniquecounter.sty
Package: uniquecounter 2019/12/15 v1.4 Provide unlimited unique counter (HO)
)
Package uniquecounter Info: New unique counter `rerunfilecheck' on input line 284.
)) (C:\Users\LiuKuncheng\AppData\Roaming\MiKTeX\tex/latex/beamer\beamerbaserequires.sty (C:\Users\LiuKuncheng\AppData\Roaming\MiKTeX\tex/latex/beamer\beamerbasecompatibility.sty) (C:\Users\LiuKuncheng\AppData\Roaming\MiKTeX\tex/latex/beamer\beamerbasefont.sty (C:\Program Files\MiKTeX\tex/latex/amsfonts\amssymb.sty
Package: amssymb 2013/01/14 v3.01 AMS font symbols
 (C:\Program Files\MiKTeX\tex/latex/amsfonts\amsfonts.sty
Package: amsfonts 2013/01/14 v3.01 Basic AMSFonts support
\@emptytoks=\toks29
\symAMSa=\mathgroup4
\symAMSb=\mathgroup5
LaTeX Font Info:    Redeclaring math symbol \hbar on input line 98.
LaTeX Font Info:    Overwriting math alphabet `\mathfrak' in version `bold'
(Font)                  U/euf/m/n --> U/euf/b/n on input line 106.
)) (C:\Users\LiuKuncheng\AppData\Roaming\MiKTeX\tex/latex/sansmathaccent\sansmathaccent.sty
Package: sansmathaccent 2020/01/31
 (C:\Users\LiuKuncheng\AppData\Roaming\MiKTeX\tex/latex/koma-script\scrlfile.sty
Package: scrlfile 2025/09/09 v3.48 KOMA-Script package (file load hooks)
 (C:\Users\LiuKuncheng\AppData\Roaming\MiKTeX\tex/latex/koma-script\scrlfile-hook.sty
Package: scrlfile-hook 2025/09/09 v3.48 KOMA-Script package (using LaTeX hooks)
 (C:\Users\LiuKuncheng\AppData\Roaming\MiKTeX\tex/latex/koma-script\scrlogo.sty
Package: scrlogo 2025/09/09 v3.48 KOMA-Script package (logo)
))))) (C:\Users\LiuKuncheng\AppData\Roaming\MiKTeX\tex/latex/beamer\beamerbasetranslator.sty (C:\Users\LiuKuncheng\AppData\Roaming\MiKTeX\tex/latex/translator\translator.sty
Package: translator 2021-05-31 v1.12d Easy translation of strings in LaTeX
)) (C:\Users\LiuKuncheng\AppData\Roaming\MiKTeX\tex/latex/beamer\beamerbasemisc.sty) (C:\Users\LiuKuncheng\AppData\Roaming\MiKTeX\tex/latex/beamer\beamerbasetwoscreens.sty) (C:\Users\LiuKuncheng\AppData\Roaming\MiKTeX\tex/latex/beamer\beamerbaseoverlay.sty
\beamer@argscount=\count312
\beamer@lastskipcover=\skip51
\beamer@trivlistdepth=\count313
) (C:\Users\LiuKuncheng\AppData\Roaming\MiKTeX\tex/latex/beamer\beamerbasetitle.sty) (C:\Users\LiuKuncheng\AppData\Roaming\MiKTeX\tex/latex/beamer\beamerbasesection.sty
\c@lecture=\count314
\c@part=\count315
\c@section=\count316
\c@subsection=\count317
\c@subsubsection=\count318
) (C:\Users\LiuKuncheng\AppData\Roaming\MiKTeX\tex/latex/beamer\beamerbaseframe.sty
\beamer@framebox=\box68
\beamer@frametitlebox=\box69
\beamer@zoombox=\box70
\beamer@zoomcount=\count319
\beamer@zoomframecount=\count320
\beamer@frametextheight=\dimen272
\c@subsectionslide=\count321
\beamer@frametopskip=\skip52
\beamer@framebottomskip=\skip53
\beamer@frametopskipautobreak=\skip54
\beamer@framebottomskipautobreak=\skip55
\beamer@envbody=\toks30
\framewidth=\dimen273
\c@framenumber=\count322
) (C:\Users\LiuKuncheng\AppData\Roaming\MiKTeX\tex/latex/beamer\beamerbaseverbatim.sty
\beamer@verbatimfileout=\write4
) (C:\Users\LiuKuncheng\AppData\Roaming\MiKTeX\tex/latex/beamer\beamerbaseframesize.sty
\beamer@splitbox=\box71
\beamer@autobreakcount=\count323
\beamer@autobreaklastheight=\dimen274
\beamer@frametitletoks=\toks31
\beamer@framesubtitletoks=\toks32
) (C:\Users\LiuKuncheng\AppData\Roaming\MiKTeX\tex/latex/beamer\beamerbaseframecomponents.sty
\beamer@colheight=\skip56
\beamer@footins=\box72
) (C:\Users\LiuKuncheng\AppData\Roaming\MiKTeX\tex/latex/beamer\beamerbasecolor.sty) (C:\Users\LiuKuncheng\AppData\Roaming\MiKTeX\tex/latex/beamer\beamerbasenotes.sty
\beamer@frameboxcopy=\box73
) (C:\Users\LiuKuncheng\AppData\Roaming\MiKTeX\tex/latex/beamer\beamerbasetoc.sty) (C:\Users\LiuKuncheng\AppData\Roaming\MiKTeX\tex/latex/beamer\beamerbasetemplates.sty
\beamer@sbttoks=\toks33
 (C:\Users\LiuKuncheng\AppData\Roaming\MiKTeX\tex/latex/beamer\beamerbaseauxtemplates.sty (C:\Users\LiuKuncheng\AppData\Roaming\MiKTeX\tex/latex/beamer\beamerbaseboxes.sty
\bmb@box=\box74
\bmb@colorbox=\box75
\bmb@boxwidth=\dimen275
\bmb@boxheight=\dimen276
\bmb@prevheight=\dimen277
\bmb@temp=\dimen278
\bmb@dima=\dimen279
\bmb@dimb=\dimen280
\bmb@prevheight=\dimen281
)
\beamer@blockheadheight=\dimen282
)) (C:\Users\LiuKuncheng\AppData\Roaming\MiKTeX\tex/latex/beamer\beamerbaselocalstructure.sty (C:\Program Files\MiKTeX\tex/latex/tools\enumerate.sty
Package: enumerate 2023/07/04 v3.00 enumerate extensions (DPC)
\@enLab=\toks34
)
\beamer@bibiconwidth=\skip57
\c@figure=\count324
\c@table=\count325
\abovecaptionskip=\skip58
\belowcaptionskip=\skip59
) (C:\Users\LiuKuncheng\AppData\Roaming\MiKTeX\tex/latex/beamer\beamerbasenavigation.sty (C:\Users\LiuKuncheng\AppData\Roaming\MiKTeX\tex/latex/beamer\beamerbasenavigationsymbols.tex)
\beamer@section@min@dim=\dimen283
) (C:\Users\LiuKuncheng\AppData\Roaming\MiKTeX\tex/latex/beamer\beamerbasetheorems.sty (C:\Program Files\MiKTeX\tex/latex/amsmath\amsmath.sty
Package: amsmath 2023/05/13 v2.17o AMS math features
\@mathmargin=\skip60

For additional information on amsmath, use the `?' option.
(C:\Program Files\MiKTeX\tex/latex/amsmath\amstext.sty
Package: amstext 2021/08/26 v2.01 AMS text
 (C:\Program Files\MiKTeX\tex/latex/amsmath\amsgen.sty
File: amsgen.sty 1999/11/30 v2.0 generic functions
\@emptytoks=\toks35
\ex@=\dimen284
)) (C:\Program Files\MiKTeX\tex/latex/amsmath\amsbsy.sty
Package: amsbsy 1999/11/29 v1.2d Bold Symbols
\pmbraise@=\dimen285
) (C:\Program Files\MiKTeX\tex/latex/amsmath\amsopn.sty
Package: amsopn 2022/04/08 v2.04 operator names
)
\inf@bad=\count326
LaTeX Info: Redefining \frac on input line 234.
\uproot@=\count327
\leftroot@=\count328
LaTeX Info: Redefining \overline on input line 399.
LaTeX Info: Redefining \colon on input line 410.
\classnum@=\count329
\DOTSCASE@=\count330
LaTeX Info: Redefining \ldots on input line 496.
LaTeX Info: Redefining \dots on input line 499.
LaTeX Info: Redefining \cdots on input line 620.
\Mathstrutbox@=\box76
\strutbox@=\box77
LaTeX Info: Redefining \big on input line 722.
LaTeX Info: Redefining \Big on input line 723.
LaTeX Info: Redefining \bigg on input line 724.
LaTeX Info: Redefining \Bigg on input line 725.
\big@size=\dimen286
LaTeX Font Info:    Redeclaring font encoding OML on input line 743.
LaTeX Font Info:    Redeclaring font encoding OMS on input line 744.
\macc@depth=\count331
LaTeX Info: Redefining \bmod on input line 905.
LaTeX Info: Redefining \pmod on input line 910.
LaTeX Info: Redefining \smash on input line 940.
LaTeX Info: Redefining \relbar on input line 970.
LaTeX Info: Redefining \Relbar on input line 971.
\c@MaxMatrixCols=\count332
\dotsspace@=\muskip17
\c@parentequation=\count333
\dspbrk@lvl=\count334
\tag@help=\toks36
\row@=\count335
\column@=\count336
\maxfields@=\count337
\andhelp@=\toks37
\eqnshift@=\dimen287
\alignsep@=\dimen288
\tagshift@=\dimen289
\tagwidth@=\dimen290
\totwidth@=\dimen291
\lineht@=\dimen292
\@envbody=\toks38
\multlinegap=\skip61
\multlinetaggap=\skip62
\mathdisplay@stack=\toks39
LaTeX Info: Redefining \[ on input line 2953.
LaTeX Info: Redefining \] on input line 2954.
) (C:\Users\LiuKuncheng\AppData\Roaming\MiKTeX\tex/latex/amscls\amsthm.sty
Package: amsthm 2020/05/29 v2.20.6
\thm@style=\toks40
\thm@bodyfont=\toks41
\thm@headfont=\toks42
\thm@notefont=\toks43
\thm@headpunct=\toks44
\thm@preskip=\skip63
\thm@postskip=\skip64
\thm@headsep=\skip65
\dth@everypar=\toks45
)
\c@theorem=\count338
) (C:\Users\LiuKuncheng\AppData\Roaming\MiKTeX\tex/latex/beamer\beamerbasethemes.sty)) (C:\Users\LiuKuncheng\AppData\Roaming\MiKTeX\tex/latex/beamer\beamerthemedefault.sty (C:\Users\LiuKuncheng\AppData\Roaming\MiKTeX\tex/latex/beamer\beamerfontthemedefault.sty) (C:\Users\LiuKuncheng\AppData\Roaming\MiKTeX\tex/latex/beamer\beamercolorthemedefault.sty) (C:\Users\LiuKuncheng\AppData\Roaming\MiKTeX\tex/latex/beamer\beamerinnerthemedefault.sty
\beamer@dima=\dimen293
\beamer@dimb=\dimen294
) (C:\Users\LiuKuncheng\AppData\Roaming\MiKTeX\tex/latex/beamer\beamerouterthemedefault.sty))) (C:\Users\LiuKuncheng\AppData\Roaming\MiKTeX\tex/latex/ctex/engine\ctex-engine-pdftex.def
File: ctex-engine-pdftex.def 2022/07/14 v2.5.10 (pdf)LaTeX adapter (CTEX)
 (C:\Users\LiuKuncheng\AppData\Roaming\MiKTeX\tex/latex/cjk\CJKutf8.sty
Package: CJKutf8 2021/10/16 4.8.5
 (C:\Program Files\MiKTeX\tex/generic/iftex\ifpdf.sty
Package: ifpdf 2019/10/25 v3.4 ifpdf legacy package. Use iftex instead.
) (C:\Program Files\MiKTeX\tex/latex/base\inputenc.sty
Package: inputenc 2021/02/14 v1.3d Input encoding file
\inpenc@prehook=\toks46
\inpenc@posthook=\toks47
) (C:\Users\LiuKuncheng\AppData\Roaming\MiKTeX\tex/latex/cjk\CJK.sty
Package: CJK 2021/10/16 4.8.5
 (C:\Users\LiuKuncheng\AppData\Roaming\MiKTeX\tex/latex/cjk/mule\MULEenc.sty
Package: MULEenc 2021/10/16 4.8.5
) (C:\Users\LiuKuncheng\AppData\Roaming\MiKTeX\tex/latex/cjk\CJK.enc
File: CJK.enc 2021/10/16 4.8.5
Now handling font encoding C00 ...
... no UTF-8 mapping file for font encoding C00
Now handling font encoding C05 ...
... no UTF-8 mapping file for font encoding C05
Now handling font encoding C09 ...
... no UTF-8 mapping file for font encoding C09
Now handling font encoding C10 ...
... no UTF-8 mapping file for font encoding C10
Now handling font encoding C20 ...
... no UTF-8 mapping file for font encoding C20
Now handling font encoding C19 ...
... no UTF-8 mapping file for font encoding C19
Now handling font encoding C40 ...
... no UTF-8 mapping file for font encoding C40
Now handling font encoding C42 ...
... no UTF-8 mapping file for font encoding C42
Now handling font encoding C43 ...
... no UTF-8 mapping file for font encoding C43
Now handling font encoding C50 ...
... no UTF-8 mapping file for font encoding C50
Now handling font encoding C52 ...
... no UTF-8 mapping file for font encoding C52
Now handling font encoding C49 ...
... no UTF-8 mapping file for font encoding C49
Now handling font encoding C60 ...
... no UTF-8 mapping file for font encoding C60
Now handling font encoding C61 ...
... no UTF-8 mapping file for font encoding C61
Now handling font encoding C63 ...
... no UTF-8 mapping file for font encoding C63
Now handling font encoding C64 ...
... no UTF-8 mapping file for font encoding C64
Now handling font encoding C65 ...
... no UTF-8 mapping file for font encoding C65
Now handling font encoding C70 ...
... no UTF-8 mapping file for font encoding C70
Now handling font encoding C31 ...
... no UTF-8 mapping file for font encoding C31
Now handling font encoding C32 ...
... no UTF-8 mapping file for font encoding C32
Now handling font encoding C33 ...
... no UTF-8 mapping file for font encoding C33
Now handling font encoding C34 ...
... no UTF-8 mapping file for font encoding C34
Now handling font encoding C35 ...
... no UTF-8 mapping file for font encoding C35
Now handling font encoding C36 ...
... no UTF-8 mapping file for font encoding C36
Now handling font encoding C37 ...
... no UTF-8 mapping file for font encoding C37
Now handling font encoding C80 ...
... no UTF-8 mapping file for font encoding C80
Now handling font encoding C81 ...
... no UTF-8 mapping file for font encoding C81
Now handling font encoding C01 ...
... no UTF-8 mapping file for font encoding C01
Now handling font encoding C11 ...
... no UTF-8 mapping file for font encoding C11
Now handling font encoding C21 ...
... no UTF-8 mapping file for font encoding C21
Now handling font encoding C41 ...
... no UTF-8 mapping file for font encoding C41
Now handling font encoding C62 ...
... no UTF-8 mapping file for font encoding C62
)
\CJK@indent=\box78
) (C:\Program Files\MiKTeX\tex/latex/base\fontenc.sty
Package: fontenc 2021/04/29 v2.0v Standard LaTeX package
)) (C:\Users\LiuKuncheng\AppData\Roaming\MiKTeX\tex/latex/cjkpunct\CJKpunct.sty
Package: CJKpunct 2016/05/14 4.8.4
\CJKpunct@cnta=\count339
\CJKpunct@cntb=\count340
\CJKpunct@cntc=\count341
\CJKpunct@cntd=\count342
\CJKpunct@cnte=\count343
   defining Unicode char U+2018 (decimal 8216)
   defining Unicode char U+2019 (decimal 8217)
   defining Unicode char U+201C (decimal 8220)
   defining Unicode char U+201D (decimal 8221)
   defining Unicode char U+2014 (decimal 8212)
   defining Unicode char U+2026 (decimal 8230)
 (C:\Users\LiuKuncheng\AppData\Roaming\MiKTeX\tex/latex/cjkpunct\CJKpunct.spa)) (C:\Users\LiuKuncheng\AppData\Roaming\MiKTeX\tex/latex/cjk\CJKspace.sty
Package: CJKspace 2021/10/16 3.8.0
) (C:\Users\LiuKuncheng\AppData\Roaming\MiKTeX\tex/latex/cjk/UTF8\UTF8.bdg
File: UTF8.bdg 2021/10/16 4.8.5
) (C:\Users\LiuKuncheng\AppData\Roaming\MiKTeX\tex/latex/ctex\ctexspa.def
File: ctexspa.def 2022/07/14 v2.5.10 Space info for CJKpunct (CTEX)
)

Package hyperref Warning: Option `driverfallback' has already been used,
(hyperref)                setting the option has no effect on input line 493.

Package hyperref Info: Option `unicode' set `true' on input line 512.
\ccwd=\dimen295
\l__ctex_ccglue_skip=\skip66
)
\l__ctex_ziju_dim=\dimen296
 (C:\Users\LiuKuncheng\AppData\Roaming\MiKTeX\tex/latex/zhnumber\zhnumber.sty
Package: zhnumber 2022/07/14 v3.0 Typesetting numbers with Chinese glyphs
\l__zhnum_scale_int=\count344
\l__zhnum_tmp_int=\count345
 (C:\Users\LiuKuncheng\AppData\Roaming\MiKTeX\tex/latex/zhnumber\zhnumber-utf8.cfg
File: zhnumber-utf8.cfg 2022/07/14 v3.0 Chinese numerals with UTF8 encoding
)) (C:\Users\LiuKuncheng\AppData\Roaming\MiKTeX\tex/latex/ctex/scheme\ctex-scheme-chinese-beamer.def
File: ctex-scheme-chinese-beamer.def 2022/07/14 v2.5.10 Chinese scheme for beamer (CTEX)
 (C:\Users\LiuKuncheng\AppData\Roaming\MiKTeX\tex/latex/ctex/config\ctex-name-utf8.cfg
File: ctex-name-utf8.cfg 2022/07/14 v2.5.10 Caption with encoding UTF-8 (CTEX)
)) (C:\Users\LiuKuncheng\AppData\Roaming\MiKTeX\tex/latex/ctex/fontset\ctex-fontset-windows.def
File: ctex-fontset-windows.def 2022/07/14 v2.5.10 Windows fonts definition (CTEX)
)) (C:\Users\LiuKuncheng\AppData\Roaming\MiKTeX\tex/latex/ctex/config\ctex.cfg
File: ctex.cfg 2022/07/14 v2.5.10 Configuration file (CTEX)
) (ustcbeamer.sty
Package: ustcbeamer 
 (C:\Program Files\MiKTeX\tex/latex/pgf/frontendlayer\tikz.sty (C:\Program Files\MiKTeX\tex/latex/pgf/basiclayer\pgf.sty
Package: pgf 2023-01-15 v3.1.10 (3.1.10)
 (C:\Program Files\MiKTeX\tex/generic/pgf/modules\pgfmoduleshapes.code.tex
File: pgfmoduleshapes.code.tex 2023-01-15 v3.1.10 (3.1.10)
\pgfnodeparttextbox=\box79
) (C:\Program Files\MiKTeX\tex/generic/pgf/modules\pgfmoduleplot.code.tex
File: pgfmoduleplot.code.tex 2023-01-15 v3.1.10 (3.1.10)
) (C:\Program Files\MiKTeX\tex/latex/pgf/compatibility\pgfcomp-version-0-65.sty
Package: pgfcomp-version-0-65 2023-01-15 v3.1.10 (3.1.10)
\pgf@nodesepstart=\dimen297
\pgf@nodesepend=\dimen298
) (C:\Program Files\MiKTeX\tex/latex/pgf/compatibility\pgfcomp-version-1-18.sty
Package: pgfcomp-version-1-18 2023-01-15 v3.1.10 (3.1.10)
)) (C:\Program Files\MiKTeX\tex/latex/pgf/utilities\pgffor.sty (C:\Program Files\MiKTeX\tex/generic/pgf/utilities\pgffor.code.tex
Package: pgffor 2023-01-15 v3.1.10 (3.1.10)
\pgffor@iter=\dimen299
\pgffor@skip=\dimen300
\pgffor@stack=\toks48
\pgffor@toks=\toks49
)) (C:\Program Files\MiKTeX\tex/generic/pgf/frontendlayer/tikz\tikz.code.tex
Package: tikz 2023-01-15 v3.1.10 (3.1.10)
 (C:\Program Files\MiKTeX\tex/generic/pgf/libraries\pgflibraryplothandlers.code.tex
File: pgflibraryplothandlers.code.tex 2023-01-15 v3.1.10 (3.1.10)
\pgf@plot@mark@count=\count346
\pgfplotmarksize=\dimen301
)
\tikz@lastx=\dimen302
\tikz@lasty=\dimen303
\tikz@lastxsaved=\dimen304
\tikz@lastysaved=\dimen305
\tikz@lastmovetox=\dimen306
\tikz@lastmovetoy=\dimen307
\tikzleveldistance=\dimen308
\tikzsiblingdistance=\dimen309
\tikz@figbox=\box80
\tikz@figbox@bg=\box81
\tikz@tempbox=\box82
\tikz@tempbox@bg=\box83
\tikztreelevel=\count347
\tikznumberofchildren=\count348
\tikznumberofcurrentchild=\count349
\tikz@fig@count=\count350
 (C:\Program Files\MiKTeX\tex/generic/pgf/modules\pgfmodulematrix.code.tex
File: pgfmodulematrix.code.tex 2023-01-15 v3.1.10 (3.1.10)
\pgfmatrixcurrentrow=\count351
\pgfmatrixcurrentcolumn=\count352
\pgf@matrix@numberofcolumns=\count353
)
\tikz@expandcount=\count354
 (C:\Program Files\MiKTeX\tex/generic/pgf/frontendlayer/tikz/libraries\tikzlibrarytopaths.code.tex
File: tikzlibrarytopaths.code.tex 2023-01-15 v3.1.10 (3.1.10)
)))) (C:\Users\LiuKuncheng\AppData\Roaming\MiKTeX\tex/latex/booktabs\booktabs.sty
Package: booktabs 2020/01/12 v1.61803398 Publication quality tables
\heavyrulewidth=\dimen310
\lightrulewidth=\dimen311
\cmidrulewidth=\dimen312
\belowrulesep=\dimen313
\belowbottomsep=\dimen314
\aboverulesep=\dimen315
\abovetopsep=\dimen316
\cmidrulesep=\dimen317
\cmidrulekern=\dimen318
\defaultaddspace=\dimen319
\@cmidla=\count355
\@cmidlb=\count356
\@aboverulesep=\dimen320
\@belowrulesep=\dimen321
\@thisruleclass=\count357
\@lastruleclass=\count358
\@thisrulewidth=\dimen322
) (C:\Program Files\MiKTeX\tex/latex/tools\array.sty
Package: array 2023/10/16 v2.5g Tabular extension package (FMi)
\col@sep=\dimen323
\ar@mcellbox=\box84
\extrarowheight=\dimen324
\NC@list=\toks50
\extratabsurround=\skip67
\backup@length=\skip68
\ar@cellbox=\box85
) (C:\Users\LiuKuncheng\AppData\Roaming\MiKTeX\tex/latex/siunitx\siunitx.sty
Package: siunitx 2025-07-09 v3.4.14 A comprehensive (SI) units package
\l__siunitx_number_uncert_offset_int=\count359
\l__siunitx_number_exponent_fixed_int=\count360
\l__siunitx_number_min_decimal_int=\count361
\l__siunitx_number_min_integer_int=\count362
\l__siunitx_number_round_precision_int=\count363
\l__siunitx_number_lower_threshold_int=\count364
\l__siunitx_number_upper_threshold_int=\count365
\l__siunitx_number_group_first_int=\count366
\l__siunitx_number_group_size_int=\count367
\l__siunitx_number_group_minimum_int=\count368
\l__siunitx_angle_tmp_dim=\dimen325
\l__siunitx_angle_marker_box=\box86
\l__siunitx_angle_unit_box=\box87
\l__siunitx_compound_count_int=\count369
 (C:\Users\LiuKuncheng\AppData\Roaming\MiKTeX\tex/latex/translations\translations.sty
Package: translations 2022/02/05 v1.12 internationalization of LaTeX2e packages (CN)
)
\l__siunitx_table_tmp_box=\box88
\l__siunitx_table_tmp_dim=\dimen326
\l__siunitx_table_column_width_dim=\dimen327
\l__siunitx_table_integer_box=\box89
\l__siunitx_table_decimal_box=\box90
\l__siunitx_table_uncert_box=\box91
\l__siunitx_table_before_box=\box92
\l__siunitx_table_after_box=\box93
\l__siunitx_table_before_dim=\dimen328
\l__siunitx_table_carry_dim=\dimen329
\l__siunitx_unit_tmp_int=\count370
\l__siunitx_unit_position_int=\count371
\l__siunitx_unit_total_int=\count372
) (ustctheme.tex)

Package hyperref Warning: Token not allowed in a PDF string (Unicode):
(hyperref)                removing `\\' on input line 36.

(C:\Users\LiuKuncheng\AppData\Roaming\MiKTeX\tex/latex/cjk/UTF8\UTF8.enc
File: UTF8.enc 2021/10/16 4.8.5
) (C:\Users\LiuKuncheng\AppData\Roaming\MiKTeX\tex/latex/cjk/UTF8\UTF8.chr
File: UTF8.chr 2021/10/16 4.8.5
)
Package translations Info: No language package found. I am going to use `english' as default language. on input line 41.
 (main.aux)
\openout1 = `main.aux'.

LaTeX Font Info:    Checking defaults for OML/cmm/m/it on input line 41.
LaTeX Font Info:    ... okay on input line 41.
LaTeX Font Info:    Checking defaults for OMS/cmsy/m/n on input line 41.
LaTeX Font Info:    ... okay on input line 41.
LaTeX Font Info:    Checking defaults for OT1/cmr/m/n on input line 41.
LaTeX Font Info:    ... okay on input line 41.
LaTeX Font Info:    Checking defaults for T1/cmr/m/n on input line 41.
LaTeX Font Info:    ... okay on input line 41.
LaTeX Font Info:    Checking defaults for TS1/cmr/m/n on input line 41.
LaTeX Font Info:    ... okay on input line 41.
LaTeX Font Info:    Checking defaults for OMX/cmex/m/n on input line 41.
LaTeX Font Info:    ... okay on input line 41.
LaTeX Font Info:    Checking defaults for U/cmr/m/n on input line 41.
LaTeX Font Info:    ... okay on input line 41.
LaTeX Font Info:    Checking defaults for PD1/pdf/m/n on input line 41.
LaTeX Font Info:    ... okay on input line 41.
LaTeX Font Info:    Checking defaults for PU/pdf/m/n on input line 41.
LaTeX Font Info:    ... okay on input line 41.
LaTeX Font Info:    Checking defaults for C00/song/m/n on input line 41.
LaTeX Font Info:    ... okay on input line 41.
LaTeX Font Info:    Checking defaults for C05/song/m/n on input line 41.
LaTeX Font Info:    ... okay on input line 41.
LaTeX Font Info:    Checking defaults for C09/song/m/n on input line 41.
LaTeX Font Info:    ... okay on input line 41.
LaTeX Font Info:    Checking defaults for C10/song/m/n on input line 41.
LaTeX Font Info:    ... okay on input line 41.
LaTeX Font Info:    Checking defaults for C20/song/m/n on input line 41.
LaTeX Font Info:    ... okay on input line 41.
LaTeX Font Info:    Checking defaults for C19/song/m/n on input line 41.
LaTeX Font Info:    ... okay on input line 41.
LaTeX Font Info:    Checking defaults for C40/song/m/n on input line 41.
LaTeX Font Info:    ... okay on input line 41.
LaTeX Font Info:    Checking defaults for C42/song/m/n on input line 41.
LaTeX Font Info:    ... okay on input line 41.
LaTeX Font Info:    Checking defaults for C43/song/m/n on input line 41.
LaTeX Font Info:    ... okay on input line 41.
LaTeX Font Info:    Checking defaults for C50/song/m/n on input line 41.
LaTeX Font Info:    ... okay on input line 41.
LaTeX Font Info:    Checking defaults for C52/song/m/n on input line 41.
LaTeX Font Info:    ... okay on input line 41.
LaTeX Font Info:    Checking defaults for C49/song/m/n on input line 41.
LaTeX Font Info:    ... okay on input line 41.
LaTeX Font Info:    Checking defaults for C60/mj/m/n on input line 41.
LaTeX Font Info:    ... okay on input line 41.
LaTeX Font Info:    Checking defaults for C61/mj/m/n on input line 41.
LaTeX Font Info:    ... okay on input line 41.
LaTeX Font Info:    Checking defaults for C63/mj/m/n on input line 41.
LaTeX Font Info:    ... okay on input line 41.
LaTeX Font Info:    Checking defaults for C64/mj/m/n on input line 41.
LaTeX Font Info:    ... okay on input line 41.
LaTeX Font Info:    Checking defaults for C65/mj/m/n on input line 41.
LaTeX Font Info:    ... okay on input line 41.
LaTeX Font Info:    Checking defaults for C70/song/m/n on input line 41.
LaTeX Font Info:    ... okay on input line 41.
LaTeX Font Info:    Checking defaults for C31/song/m/n on input line 41.
LaTeX Font Info:    ... okay on input line 41.
LaTeX Font Info:    Checking defaults for C32/song/m/n on input line 41.
LaTeX Font Info:    ... okay on input line 41.
LaTeX Font Info:    Checking defaults for C33/song/m/n on input line 41.
LaTeX Font Info:    ... okay on input line 41.
LaTeX Font Info:    Checking defaults for C34/song/m/n on input line 41.
LaTeX Font Info:    ... okay on input line 41.
LaTeX Font Info:    Checking defaults for C35/song/m/n on input line 41.
LaTeX Font Info:    ... okay on input line 41.
LaTeX Font Info:    Checking defaults for C36/song/m/n on input line 41.
LaTeX Font Info:    ... okay on input line 41.
LaTeX Font Info:    Checking defaults for C37/song/m/n on input line 41.
LaTeX Font Info:    ... okay on input line 41.
LaTeX Font Info:    Checking defaults for C80/song/m/n on input line 41.
LaTeX Font Info:    ... okay on input line 41.
LaTeX Font Info:    Checking defaults for C81/song/m/n on input line 41.
LaTeX Font Info:    ... okay on input line 41.
LaTeX Font Info:    Checking defaults for C01/song/m/n on input line 41.
LaTeX Font Info:    ... okay on input line 41.
LaTeX Font Info:    Checking defaults for C11/song/m/n on input line 41.
LaTeX Font Info:    ... okay on input line 41.
LaTeX Font Info:    Checking defaults for C21/song/m/n on input line 41.
LaTeX Font Info:    ... okay on input line 41.
LaTeX Font Info:    Checking defaults for C41/song/m/n on input line 41.
LaTeX Font Info:    ... okay on input line 41.
LaTeX Font Info:    Checking defaults for C62/song/m/n on input line 41.
LaTeX Font Info:    ... okay on input line 41.

*geometry* driver: auto-detecting
*geometry* detected driver: pdftex
*geometry* verbose mode - [ preamble ] result:
* driver: pdftex
* paper: custom
* layout: <same size as paper>
* layoutoffset:(h,v)=(0.0pt,0.0pt)
* modes: includehead includefoot 
* h-part:(L,W,R)=(28.45274pt, 398.3386pt, 28.45274pt)
* v-part:(T,H,B)=(0.0pt, 256.0748pt, 0.0pt)
* \paperwidth=455.24408pt
* \paperheight=256.0748pt
* \textwidth=398.3386pt
* \textheight=227.62207pt
* \oddsidemargin=-43.81725pt
* \evensidemargin=-43.81725pt
* \topmargin=-72.26999pt
* \headheight=14.22636pt
* \headsep=0.0pt
* \topskip=11.0pt
* \footskip=14.22636pt
* \marginparwidth=4.0pt
* \marginparsep=10.0pt
* \columnsep=10.0pt
* \skip\footins=10.0pt plus 4.0pt minus 2.0pt
* \hoffset=0.0pt
* \voffset=0.0pt
* \mag=1000
* \@twocolumnfalse
* \@twosidefalse
* \@mparswitchfalse
* \@reversemarginfalse
* (1in=72.27pt=25.4mm, 1cm=28.453pt)

(C:\Program Files\MiKTeX\tex/context/base/mkii\supp-pdf.mkii
[Loading MPS to PDF converter (version 2006.09.02).]
\scratchcounter=\count373
\scratchdimen=\dimen330
\scratchbox=\box94
\nofMPsegments=\count374
\nofMParguments=\count375
\everyMPshowfont=\toks51
\MPscratchCnt=\count376
\MPscratchDim=\dimen331
\MPnumerator=\count377
\makeMPintoPDFobject=\count378
\everyMPtoPDFconversion=\toks52
) (C:\Program Files\MiKTeX\tex/latex/epstopdf-pkg\epstopdf-base.sty
Package: epstopdf-base 2020-01-24 v2.11 Base part for package epstopdf
Package epstopdf-base Info: Redefining graphics rule for `.eps' on input line 485.
 (C:\Program Files\MiKTeX\tex/latex/00miktex\epstopdf-sys.cfg
File: epstopdf-sys.cfg 2021/03/18 v2.0 Configuration of epstopdf for MiKTeX
))
Package hyperref Info: Link coloring OFF on input line 41.
 (main.out) (main.out)
\@outlinefile=\write5
\openout5 = `main.out'.

LaTeX Font Info:    Overwriting symbol font `operators' in version `normal'
(Font)                  OT1/cmr/m/n --> OT1/cmss/m/n on input line 41.
LaTeX Font Info:    Overwriting symbol font `operators' in version `bold'
(Font)                  OT1/cmr/bx/n --> OT1/cmss/b/n on input line 41.
\symnumbers=\mathgroup6
\sympureletters=\mathgroup7
LaTeX Font Info:    Overwriting math alphabet `\mathrm' in version `normal'
(Font)                  OT1/cmss/m/n --> OT1/cmr/m/n on input line 41.
LaTeX Font Info:    Redeclaring math alphabet \mathbf on input line 41.
LaTeX Font Info:    Overwriting math alphabet `\mathbf' in version `normal'
(Font)                  OT1/cmr/bx/n --> OT1/cmss/b/n on input line 41.
LaTeX Font Info:    Overwriting math alphabet `\mathbf' in version `bold'
(Font)                  OT1/cmr/bx/n --> OT1/cmss/b/n on input line 41.
LaTeX Font Info:    Redeclaring math alphabet \mathsf on input line 41.
LaTeX Font Info:    Overwriting math alphabet `\mathsf' in version `normal'
(Font)                  OT1/cmss/m/n --> OT1/cmss/m/n on input line 41.
LaTeX Font Info:    Overwriting math alphabet `\mathsf' in version `bold'
(Font)                  OT1/cmss/bx/n --> OT1/cmss/m/n on input line 41.
LaTeX Font Info:    Redeclaring math alphabet \mathit on input line 41.
LaTeX Font Info:    Overwriting math alphabet `\mathit' in version `normal'
(Font)                  OT1/cmr/m/it --> OT1/cmss/m/it on input line 41.
LaTeX Font Info:    Overwriting math alphabet `\mathit' in version `bold'
(Font)                  OT1/cmr/bx/it --> OT1/cmss/m/it on input line 41.
LaTeX Font Info:    Redeclaring math alphabet \mathtt on input line 41.
LaTeX Font Info:    Overwriting math alphabet `\mathtt' in version `normal'
(Font)                  OT1/cmtt/m/n --> OT1/cmtt/m/n on input line 41.
LaTeX Font Info:    Overwriting math alphabet `\mathtt' in version `bold'
(Font)                  OT1/cmtt/m/n --> OT1/cmtt/m/n on input line 41.
LaTeX Font Info:    Overwriting symbol font `numbers' in version `bold'
(Font)                  OT1/cmss/m/n --> OT1/cmss/b/n on input line 41.
LaTeX Font Info:    Overwriting symbol font `pureletters' in version `bold'
(Font)                  OT1/cmss/m/it --> OT1/cmss/b/it on input line 41.
LaTeX Font Info:    Overwriting math alphabet `\mathrm' in version `bold'
(Font)                  OT1/cmss/b/n --> OT1/cmr/b/n on input line 41.
LaTeX Font Info:    Overwriting math alphabet `\mathbf' in version `bold'
(Font)                  OT1/cmss/b/n --> OT1/cmss/b/n on input line 41.
LaTeX Font Info:    Overwriting math alphabet `\mathsf' in version `bold'
(Font)                  OT1/cmss/m/n --> OT1/cmss/b/n on input line 41.
LaTeX Font Info:    Overwriting math alphabet `\mathit' in version `bold'
(Font)                  OT1/cmss/m/it --> OT1/cmss/b/it on input line 41.
LaTeX Font Info:    Overwriting math alphabet `\mathtt' in version `bold'
(Font)                  OT1/cmtt/m/n --> OT1/cmtt/b/n on input line 41.
LaTeX Font Info:    Redeclaring symbol font `pureletters' on input line 41.
LaTeX Font Info:    Overwriting symbol font `pureletters' in version `normal'
(Font)                  OT1/cmss/m/it --> OT1/mathkerncmss/m/sl on input line 41.
LaTeX Font Info:    Overwriting symbol font `pureletters' in version `bold'
(Font)                  OT1/cmss/b/it --> OT1/mathkerncmss/m/sl on input line 41.
LaTeX Font Info:    Overwriting symbol font `pureletters' in version `bold'
(Font)                  OT1/mathkerncmss/m/sl --> OT1/mathkerncmss/bx/sl on input line 41.
 (C:\Users\LiuKuncheng\AppData\Roaming\MiKTeX\tex/latex/translator\translator-basic-dictionary-English.dict
Dictionary: translator-basic-dictionary, Language: English 
) (C:\Users\LiuKuncheng\AppData\Roaming\MiKTeX\tex/latex/translator\translator-bibliography-dictionary-English.dict
Dictionary: translator-bibliography-dictionary, Language: English 
) (C:\Users\LiuKuncheng\AppData\Roaming\MiKTeX\tex/latex/translator\translator-environment-dictionary-English.dict
Dictionary: translator-environment-dictionary, Language: English 
) (C:\Users\LiuKuncheng\AppData\Roaming\MiKTeX\tex/latex/translator\translator-months-dictionary-English.dict
Dictionary: translator-months-dictionary, Language: English 
) (C:\Users\LiuKuncheng\AppData\Roaming\MiKTeX\tex/latex/translator\translator-numbers-dictionary-English.dict
Dictionary: translator-numbers-dictionary, Language: English 
) (C:\Users\LiuKuncheng\AppData\Roaming\MiKTeX\tex/latex/translator\translator-theorem-dictionary-English.dict
Dictionary: translator-theorem-dictionary, Language: English 
) (C:\Users\LiuKuncheng\AppData\Roaming\MiKTeX\tex/latex/ctex/dictionary\translator-theorem-dictionary-ChineseUTF8.dict
Dictionary: translator-theorem-dictionary, Language: ChineseUTF8 2022/07/14 v2.5.10 Chinese translation for theorem name (CTEX)
) (C:\Users\LiuKuncheng\AppData\Roaming\MiKTeX\tex/latex/translations/dicts\translations-basic-dictionary-english.trsl
File: translations-basic-dictionary-english.trsl (english translation file `translations-basic-dictionary')
)
Package translations Info: loading dictionary `translations-basic-dictionary' for `english'. on input line 41.
 (main.nav)
LaTeX Font Info:    Trying to load font information for C70+zhhei on input line 41.
 (C:\Users\LiuKuncheng\AppData\Roaming\MiKTeX\tex/latex/zhmetrics\c70zhhei.fd
File: c70zhhei.fd 2009/09/23 4.8.2
)
Overfull \hbox (90.44962pt too wide) detected at line 41
 [] [] [] [] [] [] [] [] [] 
 []

Package CJKpunct Info: use punctuation spaces for family 'zhhei' with punctstyle (quanjiao) on input line 41.

Overfull \hbox (14.47282pt too wide) in paragraph at lines 41--41
 [][] 
 []

(theme/ustc_cover.tex
<./theme/ustc_logo_side.pdf, id=119, 144.29909pt x 26.72986pt>
File: ./theme/ustc_logo_side.pdf Graphic file (type pdf)
<use ./theme/ustc_logo_side.pdf>
Package pdftex.def Info: ./theme/ustc_logo_side.pdf  used on input line 47.
(pdftex.def)             Requested size: 144.29872pt x 26.72978pt.
) (C:\Users\LiuKuncheng\AppData\Roaming\MiKTeX\tex/generic/ctex/zhmap\ctex-zhmap-windows.tex
File: ctex-zhmap-windows.tex 2022/07/14 v2.5.10 Windows font map loader for pdfTeX and DVIPDFMx (CTEX)
{C:/Users/LiuKuncheng/AppData/Local/MiKTeX/fonts/map/pdftex/pdftex.map}{UGBK.sfd}{Unicode.sfd}) [1

 <./theme/ustc_logo_side.pdf>] (main.toc) (theme/ustc_background.tex
File: ./theme/ustc_logo_side.pdf Graphic file (type pdf)
<use ./theme/ustc_logo_side.pdf>
Package pdftex.def Info: ./theme/ustc_logo_side.pdf  used on input line 40.
(pdftex.def)             Requested size: 115.4394pt x 21.3839pt.
) [2

] (main.toc) (theme/ustc_background.tex
File: ./theme/ustc_logo_side.pdf Graphic file (type pdf)
<use ./theme/ustc_logo_side.pdf>
Package pdftex.def Info: ./theme/ustc_logo_side.pdf  used on input line 40.
(pdftex.def)             Requested size: 115.4394pt x 21.3839pt.
) [3

]
Overfull \hbox (90.44962pt too wide) detected at line 87
 [] [] [] [] [] [] [] [] [] 
 []


Overfull \hbox (14.47282pt too wide) in paragraph at lines 87--87
 [][] 
 []

LaTeX Font Info:    Trying to load font information for U+msa on input line 87.
(C:\Program Files\MiKTeX\tex/latex/amsfonts\umsa.fd
File: umsa.fd 2013/01/14 v3.01 AMS symbols A
)
LaTeX Font Info:    Trying to load font information for U+msb on input line 87.
 (C:\Program Files\MiKTeX\tex/latex/amsfonts\umsb.fd
File: umsb.fd 2013/01/14 v3.01 AMS symbols B
)
LaTeX Font Info:    Trying to load font information for OT1+mathkerncmss on input line 87.
 (C:\Users\LiuKuncheng\AppData\Roaming\MiKTeX\tex/latex/sansmathaccent\ot1mathkerncmss.fd
File: ot1mathkerncmss.fd 2020/01/31 Fontinst v1.933 font definitions for OT1/mathkerncmss.
) (theme/ustc_background.tex
File: ./theme/ustc_logo_side.pdf Graphic file (type pdf)
<use ./theme/ustc_logo_side.pdf>
Package pdftex.def Info: ./theme/ustc_logo_side.pdf  used on input line 40.
(pdftex.def)             Requested size: 115.4394pt x 21.3839pt.
)
Overfull \hbox (90.44962pt too wide) has occurred while \output is active
 [] [] [] [] [] [] [] [] [] 
 []


Overfull \hbox (14.47282pt too wide) has occurred while \output is active
 [][] 
 []

[4

] (theme/ustc_background.tex
File: ./theme/ustc_logo_side.pdf Graphic file (type pdf)
<use ./theme/ustc_logo_side.pdf>
Package pdftex.def Info: ./theme/ustc_logo_side.pdf  used on input line 40.
(pdftex.def)             Requested size: 115.4394pt x 21.3839pt.
)
Overfull \hbox (90.44962pt too wide) has occurred while \output is active
 [] [] [] [] [] [] [] [] [] 
 []


Overfull \hbox (14.47282pt too wide) has occurred while \output is active
 [][] 
 []

[5


]
Overfull \hbox (90.44962pt too wide) detected at line 121
 [] [] [] [] [] [] [] [] [] 
 []


Overfull \hbox (14.47282pt too wide) in paragraph at lines 121--121
 [][] 
 []


Underfull \hbox (badness 2103) in paragraph at lines 121--121
[]|\C70/zhhei/m/n/8/90 ^^Z \C70/zhhei/m/n/8/8f  \C70/zhhei/m/n/8/8c ^^C \C70/zhhei/m/n/8/82  \OT1/cmss/m/n/8 SiN$[]$ \C70/zhhei/bx/n/8/62 ^^P \C70/zhhei/m/n/8/52 ^^F \C70/zhhei/m/n/8/5b  \C70/zhhei/m/n/8/73  \C70/zhhei/m/n/8/66 v
 []


Underfull \hbox (badness 4673) in paragraph at lines 121--121
[]|\C70/zhhei/m/n/8/5e  \C70/zhhei/m/n/8/52  \C70/zhhei/m/n/8/7f ^^S \C70/zhhei/m/n/8/51  \C70/zhhei/m/n/8/54  \C70/zhhei/m/n/8/7e  \C70/zhhei/m/n/8/7f ^^X
 []

(theme/ustc_background.tex
File: ./theme/ustc_logo_side.pdf Graphic file (type pdf)
<use ./theme/ustc_logo_side.pdf>
Package pdftex.def Info: ./theme/ustc_logo_side.pdf  used on input line 40.
(pdftex.def)             Requested size: 115.4394pt x 21.3839pt.
)
Overfull \hbox (90.44962pt too wide) has occurred while \output is active
 [] [] [] [] [] [] [] [] [] 
 []


Overfull \hbox (14.47282pt too wide) has occurred while \output is active
 [][] 
 []

[6

] (theme/ustc_background.tex
File: ./theme/ustc_logo_side.pdf Graphic file (type pdf)
<use ./theme/ustc_logo_side.pdf>
Package pdftex.def Info: ./theme/ustc_logo_side.pdf  used on input line 40.
(pdftex.def)             Requested size: 115.4394pt x 21.3839pt.
)
Overfull \hbox (90.44962pt too wide) has occurred while \output is active
 [] [] [] [] [] [] [] [] [] 
 []


Overfull \hbox (14.47282pt too wide) has occurred while \output is active
 [][] 
 []

[7


] (main.toc) (theme/ustc_background.tex
File: ./theme/ustc_logo_side.pdf Graphic file (type pdf)
<use ./theme/ustc_logo_side.pdf>
Package pdftex.def Info: ./theme/ustc_logo_side.pdf  used on input line 40.
(pdftex.def)             Requested size: 115.4394pt x 21.3839pt.
) [8

]
Overfull \hbox (90.44962pt too wide) detected at line 177
 [] [] [] [] [] [] [] [] [] 
 []


Overfull \hbox (14.47282pt too wide) in paragraph at lines 177--177
 [][] 
 []

(theme/ustc_background.tex
File: ./theme/ustc_logo_side.pdf Graphic file (type pdf)
<use ./theme/ustc_logo_side.pdf>
Package pdftex.def Info: ./theme/ustc_logo_side.pdf  used on input line 40.
(pdftex.def)             Requested size: 115.4394pt x 21.3839pt.
)
Overfull \hbox (90.44962pt too wide) has occurred while \output is active
 [] [] [] [] [] [] [] [] [] 
 []


Overfull \hbox (14.47282pt too wide) has occurred while \output is active
 [][] 
 []

[9

] (theme/ustc_background.tex
File: ./theme/ustc_logo_side.pdf Graphic file (type pdf)
<use ./theme/ustc_logo_side.pdf>
Package pdftex.def Info: ./theme/ustc_logo_side.pdf  used on input line 40.
(pdftex.def)             Requested size: 115.4394pt x 21.3839pt.
)
Overfull \hbox (90.44962pt too wide) has occurred while \output is active
 [] [] [] [] [] [] [] [] [] 
 []


Overfull \hbox (14.47282pt too wide) has occurred while \output is active
 [][] 
 []

[10


] (theme/ustc_background.tex
File: ./theme/ustc_logo_side.pdf Graphic file (type pdf)
<use ./theme/ustc_logo_side.pdf>
Package pdftex.def Info: ./theme/ustc_logo_side.pdf  used on input line 40.
(pdftex.def)             Requested size: 115.4394pt x 21.3839pt.
)
Overfull \hbox (90.44962pt too wide) has occurred while \output is active
 [] [] [] [] [] [] [] [] [] 
 []


Overfull \hbox (14.47282pt too wide) has occurred while \output is active
 [][] 
 []

[11


] (main.toc) (theme/ustc_background.tex
File: ./theme/ustc_logo_side.pdf Graphic file (type pdf)
<use ./theme/ustc_logo_side.pdf>
Package pdftex.def Info: ./theme/ustc_logo_side.pdf  used on input line 40.
(pdftex.def)             Requested size: 115.4394pt x 21.3839pt.
) [12

]
Overfull \hbox (90.44962pt too wide) detected at line 203
 [] [] [] [] [] [] [] [] [] 
 []


Overfull \hbox (14.47282pt too wide) in paragraph at lines 203--203
 [][] 
 []

(theme/ustc_background.tex
File: ./theme/ustc_logo_side.pdf Graphic file (type pdf)
<use ./theme/ustc_logo_side.pdf>
Package pdftex.def Info: ./theme/ustc_logo_side.pdf  used on input line 40.
(pdftex.def)             Requested size: 115.4394pt x 21.3839pt.
)
Overfull \hbox (90.44962pt too wide) has occurred while \output is active
 [] [] [] [] [] [] [] [] [] 
 []


Overfull \hbox (14.47282pt too wide) has occurred while \output is active
 [][] 
 []

[13

]
Overfull \hbox (90.44962pt too wide) detected at line 253
 [] [] [] [] [] [] [] [] [] 
 []


Overfull \hbox (14.47282pt too wide) in paragraph at lines 253--253
 [][] 
 []

(theme/ustc_background.tex
File: ./theme/ustc_logo_side.pdf Graphic file (type pdf)
<use ./theme/ustc_logo_side.pdf>
Package pdftex.def Info: ./theme/ustc_logo_side.pdf  used on input line 40.
(pdftex.def)             Requested size: 115.4394pt x 21.3839pt.
)
Overfull \hbox (90.44962pt too wide) has occurred while \output is active
 [] [] [] [] [] [] [] [] [] 
 []


Overfull \hbox (14.47282pt too wide) has occurred while \output is active
 [][] 
 []

[14

] (theme/ustc_background.tex
File: ./theme/ustc_logo_side.pdf Graphic file (type pdf)
<use ./theme/ustc_logo_side.pdf>
Package pdftex.def Info: ./theme/ustc_logo_side.pdf  used on input line 40.
(pdftex.def)             Requested size: 115.4394pt x 21.3839pt.
)
Overfull \hbox (90.44962pt too wide) has occurred while \output is active
 [] [] [] [] [] [] [] [] [] 
 []


Overfull \hbox (14.47282pt too wide) has occurred while \output is active
 [][] 
 []

[15


] (theme/ustc_background.tex
File: ./theme/ustc_logo_side.pdf Graphic file (type pdf)
<use ./theme/ustc_logo_side.pdf>
Package pdftex.def Info: ./theme/ustc_logo_side.pdf  used on input line 40.
(pdftex.def)             Requested size: 115.4394pt x 21.3839pt.
)
Overfull \hbox (90.44962pt too wide) has occurred while \output is active
 [] [] [] [] [] [] [] [] [] 
 []


Overfull \hbox (14.47282pt too wide) has occurred while \output is active
 [][] 
 []

[16


]
Overfull \hbox (90.44962pt too wide) detected at line 274
 [] [] [] [] [] [] [] [] [] 
 []


Overfull \hbox (14.47282pt too wide) in paragraph at lines 274--274
 [][] 
 []

(theme/ustc_background.tex
File: ./theme/ustc_logo_side.pdf Graphic file (type pdf)
<use ./theme/ustc_logo_side.pdf>
Package pdftex.def Info: ./theme/ustc_logo_side.pdf  used on input line 40.
(pdftex.def)             Requested size: 115.4394pt x 21.3839pt.
)
Overfull \hbox (90.44962pt too wide) has occurred while \output is active
 [] [] [] [] [] [] [] [] [] 
 []


Overfull \hbox (14.47282pt too wide) has occurred while \output is active
 [][] 
 []

[17

] (main.toc) (theme/ustc_background.tex
File: ./theme/ustc_logo_side.pdf Graphic file (type pdf)
<use ./theme/ustc_logo_side.pdf>
Package pdftex.def Info: ./theme/ustc_logo_side.pdf  used on input line 40.
(pdftex.def)             Requested size: 115.4394pt x 21.3839pt.
) [18

]
Overfull \hbox (90.44962pt too wide) detected at line 335
 [] [] [] [] [] [] [] [] [] 
 []


Overfull \hbox (14.47282pt too wide) in paragraph at lines 335--335
 [][] 
 []

<figures/samples/Si_on_GaN.jpg, id=875, 3083.52pt x 4111.36pt>
File: figures/samples/Si_on_GaN.jpg Graphic file (type jpg)
<use figures/samples/Si_on_GaN.jpg>
Package pdftex.def Info: figures/samples/Si_on_GaN.jpg  used on input line 335.
(pdftex.def)             Requested size: 91.61617pt x 122.14352pt.
<figures/samples/SiNx_on_GaN.jpg, id=876, 3083.52pt x 4111.36pt>
File: figures/samples/SiNx_on_GaN.jpg Graphic file (type jpg)
<use figures/samples/SiNx_on_GaN.jpg>
Package pdftex.def Info: figures/samples/SiNx_on_GaN.jpg  used on input line 335.
(pdftex.def)             Requested size: 91.61617pt x 122.14352pt.
<figures/samples/n-typeSiNx_on_GaN.jpg, id=877, 3083.52pt x 4111.36pt>
File: figures/samples/n-typeSiNx_on_GaN.jpg Graphic file (type jpg)
<use figures/samples/n-typeSiNx_on_GaN.jpg>
Package pdftex.def Info: figures/samples/n-typeSiNx_on_GaN.jpg  used on input line 335.
(pdftex.def)             Requested size: 91.61617pt x 122.14352pt.
<figures/samples/p-typeSiNx_on_GaN.jpg, id=878, 3083.52pt x 4111.36pt>
File: figures/samples/p-typeSiNx_on_GaN.jpg Graphic file (type jpg)
<use figures/samples/p-typeSiNx_on_GaN.jpg>
Package pdftex.def Info: figures/samples/p-typeSiNx_on_GaN.jpg  used on input line 335.
(pdftex.def)             Requested size: 91.61617pt x 122.14352pt.
<figures/samples/al2o3.jpg, id=879, 3083.52pt x 4111.36pt>
File: figures/samples/al2o3.jpg Graphic file (type jpg)
<use figures/samples/al2o3.jpg>
Package pdftex.def Info: figures/samples/al2o3.jpg  used on input line 335.
(pdftex.def)             Requested size: 119.50279pt x 159.28218pt.
<figures/samples/al2o3-cr.jpg, id=880, 3083.52pt x 4111.36pt>
File: figures/samples/al2o3-cr.jpg Graphic file (type jpg)
<use figures/samples/al2o3-cr.jpg>
Package pdftex.def Info: figures/samples/al2o3-cr.jpg  used on input line 335.
(pdftex.def)             Requested size: 119.50279pt x 159.28218pt.

Overfull \vbox (45.58049pt too high) detected at line 335
 []

(theme/ustc_background.tex
File: ./theme/ustc_logo_side.pdf Graphic file (type pdf)
<use ./theme/ustc_logo_side.pdf>
Package pdftex.def Info: ./theme/ustc_logo_side.pdf  used on input line 40.
(pdftex.def)             Requested size: 115.4394pt x 21.3839pt.
)
Overfull \hbox (90.44962pt too wide) has occurred while \output is active
 [] [] [] [] [] [] [] [] [] 
 []


Overfull \hbox (14.47282pt too wide) has occurred while \output is active
 [][] 
 []

[19

 <./figures/samples/Si_on_GaN.jpg> <./figures/samples/SiNx_on_GaN.jpg> <./figures/samples/n-typeSiNx_on_GaN.jpg> <./figures/samples/p-typeSiNx_on_GaN.jpg>] (theme/ustc_background.tex
File: ./theme/ustc_logo_side.pdf Graphic file (type pdf)
<use ./theme/ustc_logo_side.pdf>
Package pdftex.def Info: ./theme/ustc_logo_side.pdf  used on input line 40.
(pdftex.def)             Requested size: 115.4394pt x 21.3839pt.
)
Overfull \hbox (90.44962pt too wide) has occurred while \output is active
 [] [] [] [] [] [] [] [] [] 
 []


Overfull \hbox (14.47282pt too wide) has occurred while \output is active
 [][] 
 []

[20


 <./figures/samples/al2o3.jpg> <./figures/samples/al2o3-cr.jpg>]
Overfull \hbox (90.44962pt too wide) detected at line 360
 [] [] [] [] [] [] [] [] [] 
 []


Overfull \hbox (14.47282pt too wide) in paragraph at lines 360--360
 [][] 
 []

<figures/ellipsometry/test_and_fitting.jpg, id=953, 1712.3975pt x 1283.79625pt>
File: figures/ellipsometry/test_and_fitting.jpg Graphic file (type jpg)
<use figures/ellipsometry/test_and_fitting.jpg>
Package pdftex.def Info: figures/ellipsometry/test_and_fitting.jpg  used on input line 360.
(pdftex.def)             Requested size: 199.1693pt x 149.30833pt.
(theme/ustc_background.tex
File: ./theme/ustc_logo_side.pdf Graphic file (type pdf)
<use ./theme/ustc_logo_side.pdf>
Package pdftex.def Info: ./theme/ustc_logo_side.pdf  used on input line 40.
(pdftex.def)             Requested size: 115.4394pt x 21.3839pt.
)
Overfull \hbox (90.44962pt too wide) has occurred while \output is active
 [] [] [] [] [] [] [] [] [] 
 []


Overfull \hbox (14.47282pt too wide) has occurred while \output is active
 [][] 
 []

[21

 <./figures/ellipsometry/test_and_fitting.jpg>]
Overfull \hbox (90.44962pt too wide) detected at line 390
 [] [] [] [] [] [] [] [] [] 
 []


Overfull \hbox (14.47282pt too wide) in paragraph at lines 390--390
 [][] 
 []

<figures/raman/SiN_x.png, id=993, 774.7344pt x 592.97536pt>
File: figures/raman/SiN_x.png Graphic file (type png)
<use figures/raman/SiN_x.png>
Package pdftex.def Info: figures/raman/SiN_x.png  used on input line 390.
(pdftex.def)             Requested size: 179.25114pt x 137.19579pt.
<figures/raman/SiN_x_reference.png, id=994, 1129.21875pt x 796.47563pt>
File: figures/raman/SiN_x_reference.png Graphic file (type png)
<use figures/raman/SiN_x_reference.png>
Package pdftex.def Info: figures/raman/SiN_x_reference.png  used on input line 390.
(pdftex.def)             Requested size: 179.25114pt x 126.42998pt.

Overfull \vbox (23.6352pt too high) detected at line 390
 []

(theme/ustc_background.tex
File: ./theme/ustc_logo_side.pdf Graphic file (type pdf)
<use ./theme/ustc_logo_side.pdf>
Package pdftex.def Info: ./theme/ustc_logo_side.pdf  used on input line 40.
(pdftex.def)             Requested size: 115.4394pt x 21.3839pt.
)
Overfull \hbox (90.44962pt too wide) has occurred while \output is active
 [] [] [] [] [] [] [] [] [] 
 []


Overfull \hbox (14.47282pt too wide) has occurred while \output is active
 [][] 
 []

[22

 <./figures/raman/SiN_x.png> <./figures/raman/SiN_x_reference.png (PNG copy)>]
Overfull \hbox (90.44962pt too wide) detected at line 421
 [] [] [] [] [] [] [] [] [] 
 []


Overfull \hbox (14.47282pt too wide) in paragraph at lines 421--421
 [][] 
 []

<figures/raman/NSi-1.jpg, id=1034, 774.7344pt x 592.8549pt>
File: figures/raman/NSi-1.jpg Graphic file (type jpg)
<use figures/raman/NSi-1.jpg>
Package pdftex.def Info: figures/raman/NSi-1.jpg  used on input line 421.
(pdftex.def)             Requested size: 199.1693pt x 152.41081pt.
<figures/raman/NSiN-1.jpg, id=1035, 774.7344pt x 592.8549pt>
File: figures/raman/NSiN-1.jpg Graphic file (type jpg)
<use figures/raman/NSiN-1.jpg>
Package pdftex.def Info: figures/raman/NSiN-1.jpg  used on input line 421.
(pdftex.def)             Requested size: 199.1693pt x 152.41081pt.

Overfull \vbox (61.98615pt too high) detected at line 421
 []

(theme/ustc_background.tex
File: ./theme/ustc_logo_side.pdf Graphic file (type pdf)
<use ./theme/ustc_logo_side.pdf>
Package pdftex.def Info: ./theme/ustc_logo_side.pdf  used on input line 40.
(pdftex.def)             Requested size: 115.4394pt x 21.3839pt.
)
Overfull \hbox (90.44962pt too wide) has occurred while \output is active
 [] [] [] [] [] [] [] [] [] 
 []


Overfull \hbox (14.47282pt too wide) has occurred while \output is active
 [][] 
 []

[23

 <./figures/raman/NSi-1.jpg> <./figures/raman/NSiN-1.jpg>] (main.toc) (theme/ustc_background.tex
File: ./theme/ustc_logo_side.pdf Graphic file (type pdf)
<use ./theme/ustc_logo_side.pdf>
Package pdftex.def Info: ./theme/ustc_logo_side.pdf  used on input line 40.
(pdftex.def)             Requested size: 115.4394pt x 21.3839pt.
) [24

]
Overfull \hbox (90.44962pt too wide) detected at line 453
 [] [] [] [] [] [] [] [] [] 
 []


Overfull \hbox (14.47282pt too wide) in paragraph at lines 453--453
 [][] 
 []

LaTeX Font Info:    Font shape `OT1/cmss/b/n' in size <10.95> not available
(Font)              Font shape `OT1/cmss/bx/n' tried instead on input line 453.
LaTeX Font Info:    Font shape `OT1/cmss/b/n' in size <8> not available
(Font)              Font shape `OT1/cmss/bx/n' tried instead on input line 453.
LaTeX Font Info:    Font shape `OT1/cmss/b/n' in size <6> not available
(Font)              Font shape `OT1/cmss/bx/n' tried instead on input line 453.
LaTeX Font Info:    Font shape `OT1/cmss/b/n' in size <5> not available
(Font)              Font shape `OT1/cmss/bx/n' tried instead on input line 453.
(theme/ustc_background.tex
File: ./theme/ustc_logo_side.pdf Graphic file (type pdf)
<use ./theme/ustc_logo_side.pdf>
Package pdftex.def Info: ./theme/ustc_logo_side.pdf  used on input line 40.
(pdftex.def)             Requested size: 115.4394pt x 21.3839pt.
)
Overfull \hbox (90.44962pt too wide) has occurred while \output is active
 [] [] [] [] [] [] [] [] [] 
 []


Overfull \hbox (14.47282pt too wide) has occurred while \output is active
 [][] 
 []

[25

]
Overfull \hbox (90.44962pt too wide) detected at line 491
 [] [] [] [] [] [] [] [] [] 
 []


Overfull \hbox (14.47282pt too wide) in paragraph at lines 491--491
 [][] 
 []

(theme/ustc_background.tex
File: ./theme/ustc_logo_side.pdf Graphic file (type pdf)
<use ./theme/ustc_logo_side.pdf>
Package pdftex.def Info: ./theme/ustc_logo_side.pdf  used on input line 40.
(pdftex.def)             Requested size: 115.4394pt x 21.3839pt.
)
Overfull \hbox (90.44962pt too wide) has occurred while \output is active
 [] [] [] [] [] [] [] [] [] 
 []


Overfull \hbox (14.47282pt too wide) has occurred while \output is active
 [][] 
 []

[26

] (theme/ustc_background.tex
File: ./theme/ustc_logo_side.pdf Graphic file (type pdf)
<use ./theme/ustc_logo_side.pdf>
Package pdftex.def Info: ./theme/ustc_logo_side.pdf  used on input line 40.
(pdftex.def)             Requested size: 115.4394pt x 21.3839pt.
)
Overfull \hbox (90.44962pt too wide) has occurred while \output is active
 [] [] [] [] [] [] [] [] [] 
 []


Overfull \hbox (14.47282pt too wide) has occurred while \output is active
 [][] 
 []

[27


]
Overfull \hbox (90.44962pt too wide) detected at line 524
 [] [] [] [] [] [] [] [] [] 
 []


Overfull \hbox (14.47282pt too wide) in paragraph at lines 524--524
 [][] 
 []

(theme/ustc_background.tex
File: ./theme/ustc_logo_side.pdf Graphic file (type pdf)
<use ./theme/ustc_logo_side.pdf>
Package pdftex.def Info: ./theme/ustc_logo_side.pdf  used on input line 40.
(pdftex.def)             Requested size: 115.4394pt x 21.3839pt.
)
Overfull \hbox (90.44962pt too wide) has occurred while \output is active
 [] [] [] [] [] [] [] [] [] 
 []


Overfull \hbox (14.47282pt too wide) has occurred while \output is active
 [][] 
 []

[28

]
Overfull \hbox (90.44962pt too wide) detected at line 559
 [] [] [] [] [] [] [] [] [] 
 []


Overfull \hbox (14.47282pt too wide) in paragraph at lines 559--559
 [][] 
 []

LaTeX Font Info:    Font shape `OT1/cmss/b/n' in size <10> not available
(Font)              Font shape `OT1/cmss/bx/n' tried instead on input line 559.
LaTeX Font Info:    Font shape `OT1/cmss/b/n' in size <7> not available
(Font)              Font shape `OT1/cmss/bx/n' tried instead on input line 559.
(theme/ustc_background.tex
File: ./theme/ustc_logo_side.pdf Graphic file (type pdf)
<use ./theme/ustc_logo_side.pdf>
Package pdftex.def Info: ./theme/ustc_logo_side.pdf  used on input line 40.
(pdftex.def)             Requested size: 115.4394pt x 21.3839pt.
)
Overfull \hbox (90.44962pt too wide) has occurred while \output is active
 [] [] [] [] [] [] [] [] [] 
 []


Overfull \hbox (14.47282pt too wide) has occurred while \output is active
 [][] 
 []

[29

]
Overfull \hbox (90.44962pt too wide) detected at line 566
 [] [] [] [] [] [] [] [] [] 
 []


Overfull \hbox (14.47282pt too wide) in paragraph at lines 566--566
 [][] 
 []

(theme/ustc_background.tex
File: ./theme/ustc_logo_side.pdf Graphic file (type pdf)
<use ./theme/ustc_logo_side.pdf>
Package pdftex.def Info: ./theme/ustc_logo_side.pdf  used on input line 40.
(pdftex.def)             Requested size: 115.4394pt x 21.3839pt.
)
Overfull \hbox (90.44962pt too wide) has occurred while \output is active
 [] [] [] [] [] [] [] [] [] 
 []


Overfull \hbox (14.47282pt too wide) has occurred while \output is active
 [][] 
 []

[30

] (main.toc) (theme/ustc_background.tex
File: ./theme/ustc_logo_side.pdf Graphic file (type pdf)
<use ./theme/ustc_logo_side.pdf>
Package pdftex.def Info: ./theme/ustc_logo_side.pdf  used on input line 40.
(pdftex.def)             Requested size: 115.4394pt x 21.3839pt.
) [31

]
Overfull \hbox (90.44962pt too wide) detected at line 701
 [] [] [] [] [] [] [] [] [] 
 []


Overfull \hbox (14.47282pt too wide) in paragraph at lines 701--701
 [][] 
 []

(theme/ustc_background.tex
File: ./theme/ustc_logo_side.pdf Graphic file (type pdf)
<use ./theme/ustc_logo_side.pdf>
Package pdftex.def Info: ./theme/ustc_logo_side.pdf  used on input line 40.
(pdftex.def)             Requested size: 115.4394pt x 21.3839pt.
)
Overfull \hbox (90.44962pt too wide) has occurred while \output is active
 [] [] [] [] [] [] [] [] [] 
 []


Overfull \hbox (14.47282pt too wide) has occurred while \output is active
 [][] 
 []

[32

 <C:/Users/LiuKuncheng/AppData/Roaming/MiKTeX/tex/latex/beamer/beamericonarticle.pdf>] (theme/ustc_background.tex
File: ./theme/ustc_logo_side.pdf Graphic file (type pdf)
<use ./theme/ustc_logo_side.pdf>
Package pdftex.def Info: ./theme/ustc_logo_side.pdf  used on input line 40.
(pdftex.def)             Requested size: 115.4394pt x 21.3839pt.
)
Overfull \hbox (90.44962pt too wide) has occurred while \output is active
 [] [] [] [] [] [] [] [] [] 
 []


Overfull \hbox (14.47282pt too wide) has occurred while \output is active
 [][] 
 []

[33


] (theme/ustc_background.tex
File: ./theme/ustc_logo_side.pdf Graphic file (type pdf)
<use ./theme/ustc_logo_side.pdf>
Package pdftex.def Info: ./theme/ustc_logo_side.pdf  used on input line 40.
(pdftex.def)             Requested size: 115.4394pt x 21.3839pt.
)
Overfull \hbox (90.44962pt too wide) has occurred while \output is active
 [] [] [] [] [] [] [] [] [] 
 []


Overfull \hbox (14.47282pt too wide) has occurred while \output is active
 [][] 
 []

[34


] (theme/ustc_background.tex
File: ./theme/ustc_logo_side.pdf Graphic file (type pdf)
<use ./theme/ustc_logo_side.pdf>
Package pdftex.def Info: ./theme/ustc_logo_side.pdf  used on input line 40.
(pdftex.def)             Requested size: 115.4394pt x 21.3839pt.
)
Overfull \hbox (90.44962pt too wide) has occurred while \output is active
 [] [] [] [] [] [] [] [] [] 
 []


Overfull \hbox (14.47282pt too wide) has occurred while \output is active
 [][] 
 []

[35


]
\tf@nav=\write6
\openout6 = `main.nav'.

\tf@toc=\write7
\openout7 = `main.toc'.

\tf@snm=\write8
\openout8 = `main.snm'.

 (main.aux)
 ***********
LaTeX2e <2023-11-01> patch level 1
L3 programming layer <2022/07/14>
 ***********
Package rerunfilecheck Info: File `main.out' has not changed.
(rerunfilecheck)             Checksum: CED4B2E75F0914BBC981CCDAEE0FD8F1;2007.
 ) 
Here is how much of TeX's memory you used:
 34980 strings out of 474486
 746571 string characters out of 5753552
 1966542 words of memory out of 5000000
 55879 multiletter control sequences out of 15000+600000
 678728 words of font info for 477 fonts, out of 8000000 for 9000
 1141 hyphenation exceptions out of 8191
 142i,16n,137p,725b,1052s stack positions out of 10000i,1000n,20000p,200000b,200000s
<C:/WINDOWS/Fonts/simhei.ttf><C:/WINDOWS/Fonts/simhei.ttf><C:/WINDOWS/Fonts/simhei.ttf><C:/WINDOWS/Fonts/simhei.ttf><C:/WINDOWS/Fonts/simhei.ttf><C:/WINDOWS/Fonts/simhei.ttf><C:/WINDOWS/Fonts/simhei.ttf><C:/WINDOWS/Fonts/simhei.ttf><C:/WINDOWS/Fonts/simhei.ttf><C:/WINDOWS/Fonts/simhei.ttf><C:/WINDOWS/Fonts/simhei.ttf><C:/WINDOWS/Fonts/simhei.ttf><C:/WINDOWS/Fonts/simhei.ttf><C:/WINDOWS/Fonts/simhei.ttf><C:/WINDOWS/Fonts/simhei.ttf><C:/WINDOWS/Fonts/simhei.ttf><C:/WINDOWS/Fonts/simhei.ttf><C:/WINDOWS/Fonts/simhei.ttf><C:/WINDOWS/Fonts/simhei.ttf><C:/WINDOWS/Fonts/simhei.ttf><C:/WINDOWS/Fonts/simhei.ttf><C:/WINDOWS/Fonts/simhei.ttf><C:/WINDOWS/Fonts/simhei.ttf><C:/WINDOWS/Fonts/simhei.ttf><C:/WINDOWS/Fonts/simhei.ttf><C:/WINDOWS/Fonts/simhei.ttf><C:/WINDOWS/Fonts/simhei.ttf><C:/WINDOWS/Fonts/simhei.ttf><C:/WINDOWS/Fonts/simhei.ttf><C:/WINDOWS/Fonts/simhei.ttf><C:/WINDOWS/Fonts/simhei.ttf><C:/WINDOWS/Fonts/simhei.ttf><C:/WINDOWS/Fonts/simhei.ttf><C:/WINDOWS/Fonts/simhei.ttf><C:/WINDOWS/Fonts/simhei.ttf><C:/WINDOWS/Fonts/simhei.ttf><C:/WINDOWS/Fonts/simhei.ttf><C:/WINDOWS/Fonts/simhei.ttf><C:/WINDOWS/Fonts/simhei.ttf><C:/WINDOWS/Fonts/simhei.ttf><C:/WINDOWS/Fonts/simhei.ttf><C:/WINDOWS/Fonts/simhei.ttf><C:/WINDOWS/Fonts/simhei.ttf><C:/WINDOWS/Fonts/simhei.ttf><C:/WINDOWS/Fonts/simhei.ttf><C:/WINDOWS/Fonts/simhei.ttf><C:/WINDOWS/Fonts/simhei.ttf><C:/WINDOWS/Fonts/simhei.ttf><C:/WINDOWS/Fonts/simhei.ttf><C:/WINDOWS/Fonts/simhei.ttf><C:/WINDOWS/Fonts/simhei.ttf><C:/WINDOWS/Fonts/simhei.ttf><C:/WINDOWS/Fonts/simhei.ttf><C:/WINDOWS/Fonts/simhei.ttf><C:/WINDOWS/Fonts/simhei.ttf><C:/WINDOWS/Fonts/simhei.ttf><C:/WINDOWS/Fonts/simhei.ttf><C:/WINDOWS/Fonts/simhei.ttf><C:/WINDOWS/Fonts/simhei.ttf><C:/WINDOWS/Fonts/simhei.ttf><C:/WINDOWS/Fonts/simhei.ttf><C:/WINDOWS/Fonts/simhei.ttf><C:/WINDOWS/Fonts/simhei.ttf><C:/WINDOWS/Fonts/simhei.ttf><C:/WINDOWS/Fonts/simhei.ttf><C:/WINDOWS/Fonts/simhei.ttf><C:/WINDOWS/Fonts/simhei.ttf><C:/WINDOWS/Fonts/simhei.ttf><C:/WINDOWS/Fonts/simhei.ttf><C:/WINDOWS/Fonts/simhei.ttf><C:/WINDOWS/Fonts/simhei.ttf><C:/WINDOWS/Fonts/simhei.ttf><C:/WINDOWS/Fonts/simhei.ttf><C:/WINDOWS/Fonts/simhei.ttf><C:/WINDOWS/Fonts/simhei.ttf><C:/WINDOWS/Fonts/simhei.ttf><C:/WINDOWS/Fonts/simhei.ttf><C:/WINDOWS/Fonts/simhei.ttf><C:/Program Files/MiKTeX/fonts/type1/public/amsfonts/cm/cmmi10.pfb><C:/Program Files/MiKTeX/fonts/type1/public/amsfonts/cm/cmmi6.pfb><C:/Program Files/MiKTeX/fonts/type1/public/amsfonts/cm/cmmi8.pfb><C:/Program Files/MiKTeX/fonts/type1/public/amsfonts/cm/cmmi9.pfb><C:/Program Files/MiKTeX/fonts/type1/public/amsfonts/cm/cmss10.pfb><C:/Program Files/MiKTeX/fonts/type1/public/amsfonts/cm/cmss12.pfb><C:/Program Files/MiKTeX/fonts/type1/public/amsfonts/cm/cmss8.pfb><C:/Program Files/MiKTeX/fonts/type1/public/amsfonts/cm/cmss9.pfb><C:/Program Files/MiKTeX/fonts/type1/public/amsfonts/cm/cmssbx10.pfb><C:/Program Files/MiKTeX/fonts/type1/public/amsfonts/cm/cmssi10.pfb><C:/Program Files/MiKTeX/fonts/type1/public/amsfonts/cm/cmssi8.pfb><C:/Program Files/MiKTeX/fonts/type1/public/amsfonts/cm/cmssi9.pfb><C:/Program Files/MiKTeX/fonts/type1/public/amsfonts/cm/cmsy10.pfb><C:/Program Files/MiKTeX/fonts/type1/public/amsfonts/cm/cmsy6.pfb><C:/Program Files/MiKTeX/fonts/type1/public/amsfonts/cm/cmsy7.pfb><C:/Program Files/MiKTeX/fonts/type1/public/amsfonts/cm/cmsy8.pfb><C:/Program Files/MiKTeX/fonts/type1/public/amsfonts/symbols/msam10.pfb>
Output written on main.pdf (35 pages, 27685363 bytes).
PDF statistics:
 1860 PDF objects out of 2073 (max. 8388607)
 109 named destinations out of 1000 (max. 500000)
 525 words of extra memory for PDF output out of 10000 (max. 10000000)

